<?xml version="1.0" encoding="UTF-8"?>
<coverage generated="1765281312272" clover="3.2.0">
  <project timestamp="1765281312272" name="All files">
    <metrics statements="29" coveredstatements="28" conditionals="8" coveredconditionals="6" methods="6" coveredmethods="5" elements="43" coveredelements="39" complexity="0" loc="29" ncloc="29" packages="1" files="2" classes="2"/>
    <file name="ActivityFeed.svelte" path="/Users/f4tdaddy/Git/SentinelShare/frontend/src/components/ActivityFeed.svelte">
      <metrics statements="18" coveredstatements="17" conditionals="6" coveredconditionals="4" methods="5" coveredmethods="4"/>
      <line num="2" count="0" type="stmt"/>
      <line num="5" count="2" type="cond" truecount="1" falsecount="1"/>
      <line num="6" count="2" type="stmt"/>
      <line num="10" count="2" type="stmt"/>
      <line num="12" count="2" type="stmt"/>
      <line num="13" count="2" type="stmt"/>
      <line num="23" count="2" type="stmt"/>
      <line num="24" count="2" type="cond" truecount="2" falsecount="0"/>
      <line num="25" count="2" type="stmt"/>
      <line num="26" count="2" type="stmt"/>
      <line num="27" count="2" type="stmt"/>
      <line num="28" count="2" type="stmt"/>
      <line num="29" count="2" type="stmt"/>
      <line num="30" count="2" type="cond" truecount="1" falsecount="1"/>
      <line num="34" count="2" type="stmt"/>
      <line num="35" count="1" type="stmt"/>
      <line num="36" count="1" type="stmt"/>
      <line num="43" count="1" type="stmt"/>
    </file>
    <file name="StatsCard.svelte" path="/Users/f4tdaddy/Git/SentinelShare/frontend/src/components/StatsCard.svelte">
      <metrics statements="11" coveredstatements="11" conditionals="2" coveredconditionals="2" methods="1" coveredmethods="1"/>
      <line num="2" count="3" type="stmt"/>
      <line num="3" count="3" type="stmt"/>
      <line num="4" count="3" type="stmt"/>
      <line num="7" count="3" type="stmt"/>
      <line num="8" count="3" type="stmt"/>
      <line num="9" count="3" type="stmt"/>
      <line num="11" count="3" type="stmt"/>
      <line num="12" count="3" type="stmt"/>
      <line num="14" count="3" type="cond" truecount="2" falsecount="0"/>
      <line num="15" count="1" type="stmt"/>
      <line num="16" count="1" type="stmt"/>
    </file>
  </project>
</coverage>
