{"/Users/f4tdaddy/Git/SentinelShare/frontend/src/components/ActivityFeed.svelte": {"path":"/Users/f4tdaddy/Git/SentinelShare/frontend/src/components/ActivityFeed.svelte","statementMap":{"0":{"start":{"line":2,"column":30},"end":{"line":2,"column":null}},"1":{"start":{"line":5,"column":11},"end":{"line":5,"column":null}},"2":{"start":{"line":5,"column":18},"end":{"line":5,"column":null}},"3":{"start":{"line":6,"column":17},"end":{"line":6,"column":null}},"4":{"start":{"line":10,"column":4},"end":{"line":10,"column":null}},"5":{"start":{"line":12,"column":6},"end":{"line":10,"column":null}},"6":{"start":{"line":13,"column":10},"end":{"line":12,"column":null}},"7":{"start":{"line":23,"column":12},"end":{"line":13,"column":null}},"8":{"start":{"line":25,"column":13},"end":{"line":25,"column":null}},"9":{"start":{"line":26,"column":15},"end":{"line":25,"column":null}},"10":{"start":{"line":26,"column":13},"end":{"line":26,"column":75}},"11":{"start":{"line":27,"column":15},"end":{"line":26,"column":75}},"12":{"start":{"line":27,"column":13},"end":{"line":27,"column":43}},"13":{"start":{"line":28,"column":15},"end":{"line":27,"column":43}},"14":{"start":{"line":28,"column":13},"end":{"line":28,"column":17}},"15":{"start":{"line":29,"column":15},"end":{"line":28,"column":17}},"16":{"start":{"line":30,"column":19},"end":{"line":29,"column":null}},"17":{"start":{"line":30,"column":15},"end":{"line":30,"column":34}},"18":{"start":{"line":29,"column":13},"end":{"line":29,"column":null}},"19":{"start":{"line":34,"column":15},"end":{"line":29,"column":null}},"20":{"start":{"line":34,"column":13},"end":{"line":34,"column":null}},"21":{"start":{"line":36,"column":21},"end":{"line":36,"column":null}},"22":{"start":{"line":36,"column":17},"end":{"line":36,"column":null}},"23":{"start":{"line":24,"column":29},"end":{"line":37,"column":null}},"24":{"start":{"line":24,"column":33},"end":{"line":37,"column":32}},"25":{"start":{"line":24,"column":29},"end":{"line":35,"column":null}},"26":{"start":{"line":24,"column":33},"end":{"line":35,"column":32}},"27":{"start":{"line":35,"column":32},"end":{"line":35,"column":null}},"28":{"start":{"line":25,"column":11},"end":{"line":25,"column":null}},"29":{"start":{"line":24,"column":29},"end":{"line":27,"column":null}},"30":{"start":{"line":24,"column":33},"end":{"line":27,"column":55}},"31":{"start":{"line":24,"column":29},"end":{"line":28,"column":null}},"32":{"start":{"line":24,"column":33},"end":{"line":28,"column":28}},"33":{"start":{"line":30,"column":15},"end":{"line":30,"column":null}},"34":{"start":{"line":24,"column":33},"end":{"line":30,"column":45}},"35":{"start":{"line":24,"column":29},"end":{"line":31,"column":null}},"36":{"start":{"line":24,"column":33},"end":{"line":31,"column":28}},"37":{"start":{"line":24,"column":29},"end":{"line":26,"column":null}},"38":{"start":{"line":26,"column":75},"end":{"line":26,"column":null}},"39":{"start":{"line":43,"column":13},"end":{"line":43,"column":null}},"40":{"start":{"line":43,"column":11},"end":{"line":43,"column":null}},"41":{"start":{"line":23,"column":7},"end":{"line":23,"column":null}},"42":{"start":{"line":13,"column":5},"end":{"line":13,"column":null}},"43":{"start":{"line":12,"column":3},"end":{"line":12,"column":null}},"44":{"start":{"line":10,"column":1},"end":{"line":10,"column":null}}},"fnMap":{"0":{"name":"(anonymous_0)","decl":{"start":{"line":2,"column":30},"end":{"line":2,"column":null}},"loc":{"start":{"line":2,"column":30},"end":{"line":2,"column":null}},"line":2},"1":{"name":"formatDate","decl":{"start":{"line":4,"column":11},"end":{"line":4,"column":21}},"loc":{"start":{"line":4,"column":39},"end":{"line":7,"column":null}},"line":4},"2":{"name":"(anonymous_2)","decl":{"start":{"line":24,"column":29},"end":{"line":24,"column":33}},"loc":{"start":{"line":24,"column":29},"end":{"line":37,"column":null}},"line":24},"3":{"name":"(anonymous_3)","decl":{"start":{"line":24,"column":33},"end":{"line":24,"column":null}},"loc":{"start":{"line":24,"column":33},"end":{"line":37,"column":32}},"line":24},"4":{"name":"(anonymous_4)","decl":{"start":{"line":26,"column":75},"end":{"line":26,"column":85}},"loc":{"start":{"line":26,"column":75},"end":{"line":26,"column":null}},"line":26}},"branchMap":{"0":{"loc":{"start":{"line":5,"column":11},"end":{"line":5,"column":null}},"type":"if","locations":[{"start":{"line":5,"column":11},"end":{"line":5,"column":null}},{"start":{},"end":{}}],"line":5},"1":{"loc":{"start":{"line":24,"column":29},"end":{"line":35,"column":null}},"type":"if","locations":[{"start":{"line":24,"column":29},"end":{"line":35,"column":null}},{"start":{},"end":{}}],"line":24},"2":{"loc":{"start":{"line":30,"column":19},"end":{"line":30,"column":null}},"type":"binary-expr","locations":[{"start":{"line":30,"column":19},"end":{"line":30,"column":null}},{"start":{"line":30,"column":45},"end":{"line":30,"column":null}}],"line":30}},"s":{"0":0,"1":2,"2":0,"3":2,"4":2,"5":2,"6":2,"7":2,"8":2,"9":2,"10":2,"11":2,"12":2,"13":2,"14":2,"15":2,"16":2,"17":2,"18":2,"19":2,"20":2,"21":1,"22":1,"23":1,"24":1,"25":2,"26":2,"27":1,"28":2,"29":2,"30":2,"31":2,"32":2,"33":2,"34":2,"35":2,"36":2,"37":2,"38":2,"39":1,"40":1,"41":2,"42":2,"43":2,"44":2},"f":{"0":0,"1":2,"2":1,"3":11,"4":2},"b":{"0":[0,2],"1":[1,1],"2":[2,0]},"meta":{"lastBranch":3,"lastFunction":5,"lastStatement":45,"seen":{"s:2:30:2:Infinity":0,"f:2:30:2:Infinity":0,"f:4:11:4:21":1,"b:5:11:5:Infinity:undefined:undefined:undefined:undefined":0,"s:5:11:5:Infinity":1,"s:5:18:5:Infinity":2,"s:6:17:6:Infinity":3,"s:10:4:10:Infinity":4,"s:12:6:10:Infinity":5,"s:13:10:12:Infinity":6,"s:23:12:13:Infinity":7,"s:25:13:25:Infinity":8,"s:26:15:25:Infinity":9,"s:26:13:26:75":10,"s:27:15:26:75":11,"s:27:13:27:43":12,"s:28:15:27:43":13,"s:28:13:28:17":14,"s:29:15:28:17":15,"s:30:19:29:Infinity":16,"s:30:15:30:34":17,"s:29:13:29:Infinity":18,"s:34:15:29:Infinity":19,"s:34:13:34:Infinity":20,"s:36:21:36:Infinity":21,"s:36:17:36:Infinity":22,"s:24:29:37:Infinity":23,"f:24:29:24:33":2,"f:24:33:24:Infinity":3,"s:24:33:37:32":24,"b:24:29:35:Infinity:undefined:undefined:undefined:undefined":1,"s:24:29:35:Infinity":25,"s:24:33:35:32":26,"s:35:32:35:Infinity":27,"s:25:11:25:Infinity":28,"s:24:29:27:Infinity":29,"s:24:33:27:55":30,"s:24:29:28:Infinity":31,"s:24:33:28:28":32,"s:30:15:30:Infinity":33,"b:30:19:30:Infinity:30:45:30:Infinity":2,"s:24:33:30:45":34,"s:24:29:31:Infinity":35,"s:24:33:31:28":36,"s:24:29:26:Infinity":37,"f:26:75:26:85":4,"s:26:75:26:Infinity":38,"s:43:13:43:Infinity":39,"s:43:11:43:Infinity":40,"s:23:7:23:Infinity":41,"s:13:5:13:Infinity":42,"s:12:3:12:Infinity":43,"s:10:1:10:Infinity":44}}}
,"/Users/f4tdaddy/Git/SentinelShare/frontend/src/components/StatsCard.svelte": {"path":"/Users/f4tdaddy/Git/SentinelShare/frontend/src/components/StatsCard.svelte","statementMap":{"0":{"start":{"line":2,"column":26},"end":{"line":2,"column":null}},"1":{"start":{"line":3,"column":35},"end":{"line":3,"column":null}},"2":{"start":{"line":4,"column":28},"end":{"line":4,"column":null}},"3":{"start":{"line":7,"column":4},"end":{"line":7,"column":null}},"4":{"start":{"line":8,"column":6},"end":{"line":7,"column":null}},"5":{"start":{"line":8,"column":3},"end":{"line":8,"column":null}},"6":{"start":{"line":11,"column":6},"end":{"line":8,"column":null}},"7":{"start":{"line":11,"column":3},"end":{"line":11,"column":null}},"8":{"start":{"line":15,"column":8},"end":{"line":15,"column":null}},"9":{"start":{"line":15,"column":5},"end":{"line":15,"column":null}},"10":{"start":{"line":16,"column":7},"end":{"line":16,"column":null}},"11":{"start":{"line":14,"column":7},"end":{"line":14,"column":null}},"12":{"start":{"line":14,"column":14},"end":{"line":14,"column":null}},"13":{"start":{"line":7,"column":1},"end":{"line":7,"column":null}},"14":{"start":{"line":9,"column":5},"end":{"line":9,"column":null}},"15":{"start":{"line":12,"column":5},"end":{"line":12,"column":null}}},"fnMap":{"0":{"name":"(anonymous_0)","decl":{"start":{"line":16,"column":7},"end":{"line":16,"column":14}},"loc":{"start":{"line":16,"column":7},"end":{"line":16,"column":null}},"line":16}},"branchMap":{"0":{"loc":{"start":{"line":14,"column":7},"end":{"line":14,"column":null}},"type":"if","locations":[{"start":{"line":14,"column":7},"end":{"line":14,"column":null}},{"start":{},"end":{}}],"line":14}},"s":{"0":3,"1":3,"2":3,"3":3,"4":3,"5":3,"6":3,"7":3,"8":1,"9":1,"10":1,"11":3,"12":1,"13":3,"14":3,"15":3},"f":{"0":1},"b":{"0":[1,2]},"meta":{"lastBranch":1,"lastFunction":1,"lastStatement":16,"seen":{"s:2:26:2:Infinity":0,"s:3:35:3:Infinity":1,"s:4:28:4:Infinity":2,"s:7:4:7:Infinity":3,"s:8:6:7:Infinity":4,"s:8:3:8:Infinity":5,"s:11:6:8:Infinity":6,"s:11:3:11:Infinity":7,"s:15:8:15:Infinity":8,"s:15:5:15:Infinity":9,"s:16:7:16:Infinity":10,"f:16:7:16:14":0,"b:14:7:14:Infinity:undefined:undefined:undefined:undefined":0,"s:14:7:14:Infinity":11,"s:14:14:14:Infinity":12,"s:7:1:7:Infinity":13,"s:9:5:9:Infinity":14,"s:12:5:12:Infinity":15}}}
}
