{"meta": {"format": 3, "version": "7.13.0", "timestamp": "2025-12-22T23:19:40.125326", "branch_coverage": false, "show_contexts": false}, "files": {"__init__.py": {"executed_lines": [0], "summary": {"covered_lines": 0, "num_statements": 0, "percent_covered": 100.0, "percent_covered_display": "100", "missing_lines": 0, "excluded_lines": 0, "percent_statements_covered": 100.0, "percent_statements_covered_display": "100"}, "missing_lines": [], "excluded_lines": [], "functions": {"": {"executed_lines": [], "summary": {"covered_lines": 0, "num_statements": 0, "percent_covered": 100.0, "percent_covered_display": "100", "missing_lines": 0, "excluded_lines": 0, "percent_statements_covered": 100.0, "percent_statements_covered_display": "100"}, "missing_lines": [], "excluded_lines": []}}, "classes": {"": {"executed_lines": [], "summary": {"covered_lines": 0, "num_statements": 0, "percent_covered": 100.0, "percent_covered_display": "100", "missing_lines": 0, "excluded_lines": 0, "percent_statements_covered": 100.0, "percent_statements_covered_display": "100"}, "missing_lines": [], "excluded_lines": []}}}, "constants.py": {"executed_lines": [1, 4, 35], "summary": {"covered_lines": 2, "num_statements": 2, "percent_covered": 100.0, "percent_covered_display": "100", "missing_lines": 0, "excluded_lines": 0, "percent_statements_covered": 100.0, "percent_statements_covered_display": "100"}, "missing_lines": [], "excluded_lines": [], "functions": {"": {"executed_lines": [1, 4, 35], "summary": {"covered_lines": 2, "num_statements": 2, "percent_covered": 100.0, "percent_covered_display": "100", "missing_lines": 0, "excluded_lines": 0, "percent_statements_covered": 100.0, "percent_statements_covered_display": "100"}, "missing_lines": [], "excluded_lines": []}}, "classes": {"": {"executed_lines": [1, 4, 35], "summary": {"covered_lines": 2, "num_statements": 2, "percent_covered": 100.0, "percent_covered_display": "100", "missing_lines": 0, "excluded_lines": 0, "percent_statements_covered": 100.0, "percent_statements_covered_display": "100"}, "missing_lines": [], "excluded_lines": []}}}, "database.py": {"executed_lines": [1, 3, 7, 8, 12, 13, 15, 18, 23, 24], "summary": {"covered_lines": 10, "num_statements": 13, "percent_covered": 76.92307692307692, "percent_covered_display": "77", "missing_lines": 3, "excluded_lines": 0, "percent_statements_covered": 76.92307692307692, "percent_statements_covered_display": "77"}, "missing_lines": [9, 19, 20], "excluded_lines": [], "functions": {"get_session": {"executed_lines": [], "summary": {"covered_lines": 0, "num_statements": 2, "percent_covered": 0.0, "percent_covered_display": "0", "missing_lines": 2, "excluded_lines": 0, "percent_statements_covered": 0.0, "percent_statements_covered_display": "0"}, "missing_lines": [19, 20], "excluded_lines": []}, "create_db_and_tables": {"executed_lines": [24], "summary": {"covered_lines": 1, "num_statements": 1, "percent_covered": 100.0, "percent_covered_display": "100", "missing_lines": 0, "excluded_lines": 0, "percent_statements_covered": 100.0, "percent_statements_covered_display": "100"}, "missing_lines": [], "excluded_lines": []}, "": {"executed_lines": [1, 3, 7, 8, 12, 13, 15, 18, 23], "summary": {"covered_lines": 9, "num_statements": 10, "percent_covered": 90.0, "percent_covered_display": "90", "missing_lines": 1, "excluded_lines": 0, "percent_statements_covered": 90.0, "percent_statements_covered_display": "90"}, "missing_lines": [9], "excluded_lines": []}}, "classes": {"": {"executed_lines": [1, 3, 7, 8, 12, 13, 15, 18, 23, 24], "summary": {"covered_lines": 10, "num_statements": 13, "percent_covered": 76.92307692307692, "percent_covered_display": "77", "missing_lines": 3, "excluded_lines": 0, "percent_statements_covered": 76.92307692307692, "percent_statements_covered_display": "77"}, "missing_lines": [9, 19, 20], "excluded_lines": []}}}, "main.py": {"executed_lines": [], "summary": {"covered_lines": 0, "num_statements": 54, "percent_covered": 0.0, "percent_covered_display": "0", "missing_lines": 54, "excluded_lines": 0, "percent_statements_covered": 0.0, "percent_statements_covered_display": "0"}, "missing_lines": [1, 2, 4, 5, 6, 7, 8, 9, 10, 16, 17, 20, 21, 23, 24, 25, 27, 28, 29, 31, 32, 35, 39, 40, 41, 44, 51, 54, 56, 57, 59, 61, 64, 65, 66, 67, 68, 71, 77, 78, 79, 84, 86, 87, 93, 94, 96, 97, 100, 103, 104, 106, 107, 108], "excluded_lines": [], "functions": {"lifespan": {"executed_lines": [], "summary": {"covered_lines": 0, "num_statements": 10, "percent_covered": 0.0, "percent_covered_display": "0", "missing_lines": 10, "excluded_lines": 0, "percent_statements_covered": 0.0, "percent_statements_covered_display": "0"}, "missing_lines": [20, 21, 23, 24, 25, 27, 28, 29, 31, 32], "excluded_lines": []}, "auth_middleware": {"executed_lines": [], "summary": {"covered_lines": 0, "num_statements": 8, "percent_covered": 0.0, "percent_covered_display": "0", "missing_lines": 8, "excluded_lines": 0, "percent_statements_covered": 0.0, "percent_statements_covered_display": "0"}, "missing_lines": [41, 44, 51, 54, 56, 57, 59, 61], "excluded_lines": []}, "health_check": {"executed_lines": [], "summary": {"covered_lines": 0, "num_statements": 1, "percent_covered": 0.0, "percent_covered_display": "0", "missing_lines": 1, "excluded_lines": 0, "percent_statements_covered": 0.0, "percent_statements_covered_display": "0"}, "missing_lines": [79], "excluded_lines": []}, "serve_spa": {"executed_lines": [], "summary": {"covered_lines": 0, "num_statements": 3, "percent_covered": 0.0, "percent_covered_display": "0", "missing_lines": 3, "excluded_lines": 0, "percent_statements_covered": 0.0, "percent_statements_covered_display": "0"}, "missing_lines": [96, 97, 100], "excluded_lines": []}, "read_root": {"executed_lines": [], "summary": {"covered_lines": 0, "num_statements": 3, "percent_covered": 0.0, "percent_covered_display": "0", "missing_lines": 3, "excluded_lines": 0, "percent_statements_covered": 0.0, "percent_statements_covered_display": "0"}, "missing_lines": [106, 107, 108], "excluded_lines": []}, "": {"executed_lines": [], "summary": {"covered_lines": 0, "num_statements": 29, "percent_covered": 0.0, "percent_covered_display": "0", "missing_lines": 29, "excluded_lines": 0, "percent_statements_covered": 0.0, "percent_statements_covered_display": "0"}, "missing_lines": [1, 2, 4, 5, 6, 7, 8, 9, 10, 16, 17, 35, 39, 40, 64, 65, 66, 67, 68, 71, 77, 78, 84, 86, 87, 93, 94, 103, 104], "excluded_lines": []}}, "classes": {"": {"executed_lines": [], "summary": {"covered_lines": 0, "num_statements": 54, "percent_covered": 0.0, "percent_covered_display": "0", "missing_lines": 54, "excluded_lines": 0, "percent_statements_covered": 0.0, "percent_statements_covered_display": "0"}, "missing_lines": [1, 2, 4, 5, 6, 7, 8, 9, 10, 16, 17, 20, 21, 23, 24, 25, 27, 28, 29, 31, 32, 35, 39, 40, 41, 44, 51, 54, 56, 57, 59, 61, 64, 65, 66, 67, 68, 71, 77, 78, 79, 84, 86, 87, 93, 94, 96, 97, 100, 103, 104, 106, 107, 108], "excluded_lines": []}}}, "migration_utils.py": {"executed_lines": [], "summary": {"covered_lines": 0, "num_statements": 23, "percent_covered": 0.0, "percent_covered_display": "0", "missing_lines": 23, "excluded_lines": 0, "percent_statements_covered": 0.0, "percent_statements_covered_display": "0"}, "missing_lines": [1, 3, 4, 5, 6, 9, 15, 18, 19, 20, 21, 23, 29, 30, 31, 34, 38, 41, 44, 45, 46, 48, 49], "excluded_lines": [], "functions": {"run_migrations": {"executed_lines": [], "summary": {"covered_lines": 0, "num_statements": 17, "percent_covered": 0.0, "percent_covered_display": "0", "missing_lines": 17, "excluded_lines": 0, "percent_statements_covered": 0.0, "percent_statements_covered_display": "0"}, "missing_lines": [15, 18, 19, 20, 21, 23, 29, 30, 31, 34, 38, 41, 44, 45, 46, 48, 49], "excluded_lines": []}, "": {"executed_lines": [], "summary": {"covered_lines": 0, "num_statements": 6, "percent_covered": 0.0, "percent_covered_display": "0", "missing_lines": 6, "excluded_lines": 0, "percent_statements_covered": 0.0, "percent_statements_covered_display": "0"}, "missing_lines": [1, 3, 4, 5, 6, 9], "excluded_lines": []}}, "classes": {"": {"executed_lines": [], "summary": {"covered_lines": 0, "num_statements": 23, "percent_covered": 0.0, "percent_covered_display": "0", "missing_lines": 23, "excluded_lines": 0, "percent_statements_covered": 0.0, "percent_statements_covered_display": "0"}, "missing_lines": [1, 3, 4, 5, 6, 9, 15, 18, 19, 20, 21, 23, 29, 30, 31, 34, 38, 41, 44, 45, 46, 48, 49], "excluded_lines": []}}}, "models.py": {"executed_lines": [1, 2, 4, 8, 12, 13, 14, 17, 18, 19, 20, 21, 22, 23, 24, 25, 26, 27, 28, 31, 32, 33, 34, 35, 36, 39, 40, 41, 42, 43, 46, 47, 48, 49, 50, 53, 54, 55, 56, 57, 58, 59, 60, 61, 62, 65, 66, 67, 68, 69, 70, 71, 72, 73, 74], "summary": {"covered_lines": 55, "num_statements": 56, "percent_covered": 98.21428571428571, "percent_covered_display": "98", "missing_lines": 1, "excluded_lines": 0, "percent_statements_covered": 98.21428571428571, "percent_statements_covered_display": "98"}, "missing_lines": [9], "excluded_lines": [], "functions": {"utc_now": {"executed_lines": [], "summary": {"covered_lines": 0, "num_statements": 1, "percent_covered": 0.0, "percent_covered_display": "0", "missing_lines": 1, "excluded_lines": 0, "percent_statements_covered": 0.0, "percent_statements_covered_display": "0"}, "missing_lines": [9], "excluded_lines": []}, "": {"executed_lines": [1, 2, 4, 8, 12, 13, 14, 17, 18, 19, 20, 21, 22, 23, 24, 25, 26, 27, 28, 31, 32, 33, 34, 35, 36, 39, 40, 41, 42, 43, 46, 47, 48, 49, 50, 53, 54, 55, 56, 57, 58, 59, 60, 61, 62, 65, 66, 67, 68, 69, 70, 71, 72, 73, 74], "summary": {"covered_lines": 55, "num_statements": 55, "percent_covered": 100.0, "percent_covered_display": "100", "missing_lines": 0, "excluded_lines": 0, "percent_statements_covered": 100.0, "percent_statements_covered_display": "100"}, "missing_lines": [], "excluded_lines": []}}, "classes": {"ProcessedEmail": {"executed_lines": [], "summary": {"covered_lines": 0, "num_statements": 0, "percent_covered": 100.0, "percent_covered_display": "100", "missing_lines": 0, "excluded_lines": 0, "percent_statements_covered": 100.0, "percent_statements_covered_display": "100"}, "missing_lines": [], "excluded_lines": []}, "Stats": {"executed_lines": [], "summary": {"covered_lines": 0, "num_statements": 0, "percent_covered": 100.0, "percent_covered_display": "100", "missing_lines": 0, "excluded_lines": 0, "percent_statements_covered": 100.0, "percent_statements_covered_display": "100"}, "missing_lines": [], "excluded_lines": []}, "GlobalSettings": {"executed_lines": [], "summary": {"covered_lines": 0, "num_statements": 0, "percent_covered": 100.0, "percent_covered_display": "100", "missing_lines": 0, "excluded_lines": 0, "percent_statements_covered": 100.0, "percent_statements_covered_display": "100"}, "missing_lines": [], "excluded_lines": []}, "Preference": {"executed_lines": [], "summary": {"covered_lines": 0, "num_statements": 0, "percent_covered": 100.0, "percent_covered_display": "100", "missing_lines": 0, "excluded_lines": 0, "percent_statements_covered": 100.0, "percent_statements_covered_display": "100"}, "missing_lines": [], "excluded_lines": []}, "ManualRule": {"executed_lines": [], "summary": {"covered_lines": 0, "num_statements": 0, "percent_covered": 100.0, "percent_covered_display": "100", "missing_lines": 0, "excluded_lines": 0, "percent_statements_covered": 100.0, "percent_statements_covered_display": "100"}, "missing_lines": [], "excluded_lines": []}, "ProcessingRun": {"executed_lines": [], "summary": {"covered_lines": 0, "num_statements": 0, "percent_covered": 100.0, "percent_covered_display": "100", "missing_lines": 0, "excluded_lines": 0, "percent_statements_covered": 100.0, "percent_statements_covered_display": "100"}, "missing_lines": [], "excluded_lines": []}, "": {"executed_lines": [1, 2, 4, 8, 12, 13, 14, 17, 18, 19, 20, 21, 22, 23, 24, 25, 26, 27, 28, 31, 32, 33, 34, 35, 36, 39, 40, 41, 42, 43, 46, 47, 48, 49, 50, 53, 54, 55, 56, 57, 58, 59, 60, 61, 62, 65, 66, 67, 68, 69, 70, 71, 72, 73, 74], "summary": {"covered_lines": 55, "num_statements": 56, "percent_covered": 98.21428571428571, "percent_covered_display": "98", "missing_lines": 1, "excluded_lines": 0, "percent_statements_covered": 98.21428571428571, "percent_statements_covered_display": "98"}, "missing_lines": [9], "excluded_lines": []}}}, "routers/__init__.py": {"executed_lines": [], "summary": {"covered_lines": 0, "num_statements": 0, "percent_covered": 100.0, "percent_covered_display": "100", "missing_lines": 0, "excluded_lines": 0, "percent_statements_covered": 100.0, "percent_statements_covered_display": "100"}, "missing_lines": [], "excluded_lines": [], "functions": {"": {"executed_lines": [], "summary": {"covered_lines": 0, "num_statements": 0, "percent_covered": 100.0, "percent_covered_display": "100", "missing_lines": 0, "excluded_lines": 0, "percent_statements_covered": 100.0, "percent_statements_covered_display": "100"}, "missing_lines": [], "excluded_lines": []}}, "classes": {"": {"executed_lines": [], "summary": {"covered_lines": 0, "num_statements": 0, "percent_covered": 100.0, "percent_covered_display": "100", "missing_lines": 0, "excluded_lines": 0, "percent_statements_covered": 100.0, "percent_statements_covered_display": "100"}, "missing_lines": [], "excluded_lines": []}}}, "routers/actions.py": {"executed_lines": [], "summary": {"covered_lines": 0, "num_statements": 150, "percent_covered": 0.0, "percent_covered_display": "0", "missing_lines": 150, "excluded_lines": 0, "percent_statements_covered": 0.0, "percent_statements_covered_display": "0"}, "missing_lines": [1, 2, 3, 4, 5, 6, 7, 9, 10, 11, 12, 13, 14, 15, 16, 17, 18, 20, 22, 25, 27, 28, 29, 32, 33, 37, 38, 41, 44, 45, 46, 47, 48, 49, 50, 57, 58, 61, 62, 68, 69, 71, 72, 73, 74, 76, 77, 78, 79, 81, 82, 83, 85, 86, 88, 90, 91, 98, 99, 104, 106, 107, 114, 115, 120, 122, 123, 130, 164, 165, 176, 179, 180, 183, 184, 191, 192, 193, 196, 197, 203, 205, 207, 208, 213, 216, 219, 221, 222, 223, 229, 231, 234, 235, 236, 237, 242, 244, 246, 247, 248, 249, 254, 255, 256, 258, 261, 262, 264, 265, 270, 271, 272, 273, 274, 275, 276, 277, 278, 279, 282, 283, 285, 287, 290, 296, 297, 300, 301, 302, 305, 307, 312, 328, 338, 346, 348, 350, 351, 352, 355, 356, 359, 360, 361, 362, 363, 364, 365, 370], "excluded_lines": [], "functions": {"verify_signature": {"executed_lines": [], "summary": {"covered_lines": 0, "num_statements": 3, "percent_covered": 0.0, "percent_covered_display": "0", "missing_lines": 3, "excluded_lines": 0, "percent_statements_covered": 0.0, "percent_statements_covered_display": "0"}, "missing_lines": [27, 28, 29], "excluded_lines": []}, "quick_action": {"executed_lines": [], "summary": {"covered_lines": 0, "num_statements": 46, "percent_covered": 0.0, "percent_covered_display": "0", "missing_lines": 46, "excluded_lines": 0, "percent_statements_covered": 0.0, "percent_statements_covered_display": "0"}, "missing_lines": [37, 38, 41, 44, 45, 46, 47, 48, 49, 50, 57, 58, 61, 62, 68, 69, 71, 72, 73, 74, 76, 77, 78, 79, 81, 82, 83, 85, 86, 88, 90, 91, 98, 99, 104, 106, 107, 114, 115, 120, 122, 123, 130, 164, 165, 176], "excluded_lines": []}, "toggle_ignored_email": {"executed_lines": [], "summary": {"covered_lines": 0, "num_statements": 75, "percent_covered": 0.0, "percent_covered_display": "0", "missing_lines": 75, "excluded_lines": 0, "percent_statements_covered": 0.0, "percent_statements_covered_display": "0"}, "missing_lines": [191, 192, 193, 196, 197, 203, 205, 207, 208, 213, 216, 219, 221, 222, 223, 229, 231, 234, 235, 236, 237, 242, 244, 246, 247, 248, 249, 254, 255, 256, 258, 261, 262, 264, 265, 270, 271, 272, 273, 274, 275, 276, 277, 278, 279, 282, 283, 285, 287, 290, 296, 297, 300, 301, 302, 305, 307, 312, 328, 338, 346, 348, 350, 351, 352, 355, 356, 359, 360, 361, 362, 363, 364, 365, 370], "excluded_lines": []}, "": {"executed_lines": [], "summary": {"covered_lines": 0, "num_statements": 26, "percent_covered": 0.0, "percent_covered_display": "0", "missing_lines": 26, "excluded_lines": 0, "percent_statements_covered": 0.0, "percent_statements_covered_display": "0"}, "missing_lines": [1, 2, 3, 4, 5, 6, 7, 9, 10, 11, 12, 13, 14, 15, 16, 17, 18, 20, 22, 25, 32, 33, 179, 180, 183, 184], "excluded_lines": []}}, "classes": {"ToggleIgnoredRequest": {"executed_lines": [], "summary": {"covered_lines": 0, "num_statements": 0, "percent_covered": 100.0, "percent_covered_display": "100", "missing_lines": 0, "excluded_lines": 0, "percent_statements_covered": 100.0, "percent_statements_covered_display": "100"}, "missing_lines": [], "excluded_lines": []}, "": {"executed_lines": [], "summary": {"covered_lines": 0, "num_statements": 150, "percent_covered": 0.0, "percent_covered_display": "0", "missing_lines": 150, "excluded_lines": 0, "percent_statements_covered": 0.0, "percent_statements_covered_display": "0"}, "missing_lines": [1, 2, 3, 4, 5, 6, 7, 9, 10, 11, 12, 13, 14, 15, 16, 17, 18, 20, 22, 25, 27, 28, 29, 32, 33, 37, 38, 41, 44, 45, 46, 47, 48, 49, 50, 57, 58, 61, 62, 68, 69, 71, 72, 73, 74, 76, 77, 78, 79, 81, 82, 83, 85, 86, 88, 90, 91, 98, 99, 104, 106, 107, 114, 115, 120, 122, 123, 130, 164, 165, 176, 179, 180, 183, 184, 191, 192, 193, 196, 197, 203, 205, 207, 208, 213, 216, 219, 221, 222, 223, 229, 231, 234, 235, 236, 237, 242, 244, 246, 247, 248, 249, 254, 255, 256, 258, 261, 262, 264, 265, 270, 271, 272, 273, 274, 275, 276, 277, 278, 279, 282, 283, 285, 287, 290, 296, 297, 300, 301, 302, 305, 307, 312, 328, 338, 346, 348, 350, 351, 352, 355, 356, 359, 360, 361, 362, 363, 364, 365, 370], "excluded_lines": []}}}, "routers/auth.py": {"executed_lines": [], "summary": {"covered_lines": 0, "num_statements": 25, "percent_covered": 0.0, "percent_covered_display": "0", "missing_lines": 25, "excluded_lines": 0, "percent_statements_covered": 0.0, "percent_statements_covered_display": "0"}, "missing_lines": [1, 3, 4, 5, 7, 10, 11, 14, 15, 16, 17, 18, 20, 21, 22, 24, 27, 28, 29, 30, 33, 34, 35, 36, 37], "excluded_lines": [], "functions": {"login": {"executed_lines": [], "summary": {"covered_lines": 0, "num_statements": 7, "percent_covered": 0.0, "percent_covered_display": "0", "missing_lines": 7, "excluded_lines": 0, "percent_statements_covered": 0.0, "percent_statements_covered_display": "0"}, "missing_lines": [16, 17, 18, 20, 21, 22, 24], "excluded_lines": []}, "logout": {"executed_lines": [], "summary": {"covered_lines": 0, "num_statements": 2, "percent_covered": 0.0, "percent_covered_display": "0", "missing_lines": 2, "excluded_lines": 0, "percent_statements_covered": 0.0, "percent_statements_covered_display": "0"}, "missing_lines": [29, 30], "excluded_lines": []}, "check_auth": {"executed_lines": [], "summary": {"covered_lines": 0, "num_statements": 3, "percent_covered": 0.0, "percent_covered_display": "0", "missing_lines": 3, "excluded_lines": 0, "percent_statements_covered": 0.0, "percent_statements_covered_display": "0"}, "missing_lines": [35, 36, 37], "excluded_lines": []}, "": {"executed_lines": [], "summary": {"covered_lines": 0, "num_statements": 13, "percent_covered": 0.0, "percent_covered_display": "0", "missing_lines": 13, "excluded_lines": 0, "percent_statements_covered": 0.0, "percent_statements_covered_display": "0"}, "missing_lines": [1, 3, 4, 5, 7, 10, 11, 14, 15, 27, 28, 33, 34], "excluded_lines": []}}, "classes": {"LoginRequest": {"executed_lines": [], "summary": {"covered_lines": 0, "num_statements": 0, "percent_covered": 100.0, "percent_covered_display": "100", "missing_lines": 0, "excluded_lines": 0, "percent_statements_covered": 100.0, "percent_statements_covered_display": "100"}, "missing_lines": [], "excluded_lines": []}, "": {"executed_lines": [], "summary": {"covered_lines": 0, "num_statements": 25, "percent_covered": 0.0, "percent_covered_display": "0", "missing_lines": 25, "excluded_lines": 0, "percent_statements_covered": 0.0, "percent_statements_covered_display": "0"}, "missing_lines": [1, 3, 4, 5, 7, 10, 11, 14, 15, 16, 17, 18, 20, 21, 22, 24, 27, 28, 29, 30, 33, 34, 35, 36, 37], "excluded_lines": []}}}, "routers/dashboard.py": {"executed_lines": [], "summary": {"covered_lines": 0, "num_statements": 16, "percent_covered": 0.0, "percent_covered_display": "0", "missing_lines": 16, "excluded_lines": 0, "percent_statements_covered": 0.0, "percent_statements_covered_display": "0"}, "missing_lines": [1, 3, 4, 5, 6, 8, 11, 12, 13, 16, 19, 20, 22, 25, 26, 28], "excluded_lines": [], "functions": {"get_activity": {"executed_lines": [], "summary": {"covered_lines": 0, "num_statements": 2, "percent_covered": 0.0, "percent_covered_display": "0", "missing_lines": 2, "excluded_lines": 0, "percent_statements_covered": 0.0, "percent_statements_covered_display": "0"}, "missing_lines": [13, 16], "excluded_lines": []}, "get_stats": {"executed_lines": [], "summary": {"covered_lines": 0, "num_statements": 4, "percent_covered": 0.0, "percent_covered_display": "0", "missing_lines": 4, "excluded_lines": 0, "percent_statements_covered": 0.0, "percent_statements_covered_display": "0"}, "missing_lines": [22, 25, 26, 28], "excluded_lines": []}, "": {"executed_lines": [], "summary": {"covered_lines": 0, "num_statements": 10, "percent_covered": 0.0, "percent_covered_display": "0", "missing_lines": 10, "excluded_lines": 0, "percent_statements_covered": 0.0, "percent_statements_covered_display": "0"}, "missing_lines": [1, 3, 4, 5, 6, 8, 11, 12, 19, 20], "excluded_lines": []}}, "classes": {"": {"executed_lines": [], "summary": {"covered_lines": 0, "num_statements": 16, "percent_covered": 0.0, "percent_covered_display": "0", "missing_lines": 16, "excluded_lines": 0, "percent_statements_covered": 0.0, "percent_statements_covered_display": "0"}, "missing_lines": [1, 3, 4, 5, 6, 8, 11, 12, 13, 16, 19, 20, 22, 25, 26, 28], "excluded_lines": []}}}, "routers/history.py": {"executed_lines": [], "summary": {"covered_lines": 0, "num_statements": 151, "percent_covered": 0.0, "percent_covered_display": "0", "missing_lines": 151, "excluded_lines": 0, "percent_statements_covered": 0.0, "percent_statements_covered_display": "0"}, "missing_lines": [1, 2, 3, 4, 6, 7, 8, 9, 10, 11, 12, 13, 15, 18, 24, 25, 26, 27, 28, 31, 43, 44, 45, 46, 52, 53, 64, 67, 68, 69, 70, 71, 72, 73, 74, 75, 77, 78, 81, 84, 85, 86, 87, 90, 91, 93, 95, 106, 107, 109, 110, 111, 114, 115, 118, 119, 120, 121, 122, 127, 130, 131, 133, 134, 137, 144, 145, 147, 155, 156, 162, 163, 164, 167, 170, 173, 174, 176, 177, 178, 186, 188, 189, 192, 193, 195, 197, 198, 200, 207, 208, 209, 211, 212, 213, 215, 223, 224, 225, 226, 227, 228, 229, 230, 231, 233, 235, 236, 244, 245, 253, 256, 257, 258, 259, 260, 261, 262, 264, 265, 267, 270, 271, 272, 273, 276, 279, 280, 281, 282, 283, 285, 295, 296, 301, 302, 304, 305, 315, 317, 330, 333, 334, 338, 344, 347, 348, 350, 351, 352, 355], "excluded_lines": [], "functions": {"parse_iso_date": {"executed_lines": [], "summary": {"covered_lines": 0, "num_statements": 4, "percent_covered": 0.0, "percent_covered_display": "0", "missing_lines": 4, "excluded_lines": 0, "percent_statements_covered": 0.0, "percent_statements_covered_display": "0"}, "missing_lines": [43, 44, 45, 46], "excluded_lines": []}, "get_email_history": {"executed_lines": [], "summary": {"covered_lines": 0, "num_statements": 21, "percent_covered": 0.0, "percent_covered_display": "0", "missing_lines": 21, "excluded_lines": 0, "percent_statements_covered": 0.0, "percent_statements_covered_display": "0"}, "missing_lines": [64, 67, 68, 69, 70, 71, 72, 73, 74, 75, 77, 78, 81, 84, 85, 86, 87, 90, 91, 93, 95], "excluded_lines": []}, "reprocess_email": {"executed_lines": [], "summary": {"covered_lines": 0, "num_statements": 19, "percent_covered": 0.0, "percent_covered_display": "0", "missing_lines": 19, "excluded_lines": 0, "percent_statements_covered": 0.0, "percent_statements_covered_display": "0"}, "missing_lines": [109, 110, 111, 114, 115, 118, 119, 120, 121, 122, 127, 130, 131, 133, 134, 137, 144, 145, 147], "excluded_lines": []}, "submit_feedback": {"executed_lines": [], "summary": {"covered_lines": 0, "num_statements": 13, "percent_covered": 0.0, "percent_covered_display": "0", "missing_lines": 13, "excluded_lines": 0, "percent_statements_covered": 0.0, "percent_statements_covered_display": "0"}, "missing_lines": [162, 163, 164, 167, 170, 173, 174, 176, 177, 178, 186, 188, 189], "excluded_lines": []}, "reprocess_all_ignored": {"executed_lines": [], "summary": {"covered_lines": 0, "num_statements": 23, "percent_covered": 0.0, "percent_covered_display": "0", "missing_lines": 23, "excluded_lines": 0, "percent_statements_covered": 0.0, "percent_statements_covered_display": "0"}, "missing_lines": [195, 197, 198, 200, 207, 208, 209, 211, 212, 213, 215, 223, 224, 225, 226, 227, 228, 229, 230, 231, 233, 235, 236], "excluded_lines": []}, "get_history_stats": {"executed_lines": [], "summary": {"covered_lines": 0, "num_statements": 22, "percent_covered": 0.0, "percent_covered_display": "0", "missing_lines": 22, "excluded_lines": 0, "percent_statements_covered": 0.0, "percent_statements_covered_display": "0"}, "missing_lines": [253, 256, 257, 258, 259, 260, 261, 262, 264, 265, 267, 270, 271, 272, 273, 276, 279, 280, 281, 282, 283, 285], "excluded_lines": []}, "get_recent_runs": {"executed_lines": [], "summary": {"covered_lines": 0, "num_statements": 7, "percent_covered": 0.0, "percent_covered_display": "0", "missing_lines": 7, "excluded_lines": 0, "percent_statements_covered": 0.0, "percent_statements_covered_display": "0"}, "missing_lines": [301, 302, 304, 305, 315, 317, 330], "excluded_lines": []}, "get_processing_runs": {"executed_lines": [], "summary": {"covered_lines": 0, "num_statements": 2, "percent_covered": 0.0, "percent_covered_display": "0", "missing_lines": 2, "excluded_lines": 0, "percent_statements_covered": 0.0, "percent_statements_covered_display": "0"}, "missing_lines": [338, 344], "excluded_lines": []}, "get_processing_run": {"executed_lines": [], "summary": {"covered_lines": 0, "num_statements": 4, "percent_covered": 0.0, "percent_covered_display": "0", "missing_lines": 4, "excluded_lines": 0, "percent_statements_covered": 0.0, "percent_statements_covered_display": "0"}, "missing_lines": [350, 351, 352, 355], "excluded_lines": []}, "": {"executed_lines": [], "summary": {"covered_lines": 0, "num_statements": 36, "percent_covered": 0.0, "percent_covered_display": "0", "missing_lines": 36, "excluded_lines": 0, "percent_statements_covered": 0.0, "percent_statements_covered_display": "0"}, "missing_lines": [1, 2, 3, 4, 6, 7, 8, 9, 10, 11, 12, 13, 15, 18, 24, 25, 26, 27, 28, 31, 52, 53, 106, 107, 155, 156, 192, 193, 244, 245, 295, 296, 333, 334, 347, 348], "excluded_lines": []}}, "classes": {"EmailStatus": {"executed_lines": [], "summary": {"covered_lines": 0, "num_statements": 0, "percent_covered": 100.0, "percent_covered_display": "100", "missing_lines": 0, "excluded_lines": 0, "percent_statements_covered": 100.0, "percent_statements_covered_display": "100"}, "missing_lines": [], "excluded_lines": []}, "": {"executed_lines": [], "summary": {"covered_lines": 0, "num_statements": 151, "percent_covered": 0.0, "percent_covered_display": "0", "missing_lines": 151, "excluded_lines": 0, "percent_statements_covered": 0.0, "percent_statements_covered_display": "0"}, "missing_lines": [1, 2, 3, 4, 6, 7, 8, 9, 10, 11, 12, 13, 15, 18, 24, 25, 26, 27, 28, 31, 43, 44, 45, 46, 52, 53, 64, 67, 68, 69, 70, 71, 72, 73, 74, 75, 77, 78, 81, 84, 85, 86, 87, 90, 91, 93, 95, 106, 107, 109, 110, 111, 114, 115, 118, 119, 120, 121, 122, 127, 130, 131, 133, 134, 137, 144, 145, 147, 155, 156, 162, 163, 164, 167, 170, 173, 174, 176, 177, 178, 186, 188, 189, 192, 193, 195, 197, 198, 200, 207, 208, 209, 211, 212, 213, 215, 223, 224, 225, 226, 227, 228, 229, 230, 231, 233, 235, 236, 244, 245, 253, 256, 257, 258, 259, 260, 261, 262, 264, 265, 267, 270, 271, 272, 273, 276, 279, 280, 281, 282, 283, 285, 295, 296, 301, 302, 304, 305, 315, 317, 330, 333, 334, 338, 344, 347, 348, 350, 351, 352, 355], "excluded_lines": []}}}, "routers/settings.py": {"executed_lines": [], "summary": {"covered_lines": 0, "num_statements": 81, "percent_covered": 0.0, "percent_covered_display": "0", "missing_lines": 81, "excluded_lines": 0, "percent_statements_covered": 0.0, "percent_statements_covered_display": "0"}, "missing_lines": [1, 3, 4, 5, 6, 7, 8, 9, 10, 12, 15, 16, 17, 20, 21, 22, 23, 24, 25, 28, 29, 30, 31, 32, 33, 34, 35, 38, 39, 40, 43, 44, 45, 46, 47, 48, 51, 52, 53, 54, 55, 56, 57, 58, 61, 62, 65, 66, 72, 73, 76, 77, 79, 83, 84, 87, 90, 91, 96, 97, 98, 99, 103, 107, 108, 110, 115, 117, 118, 119, 122, 123, 124, 126, 127, 128, 129, 130, 132, 133, 141], "excluded_lines": [], "functions": {"get_preferences": {"executed_lines": [], "summary": {"covered_lines": 0, "num_statements": 1, "percent_covered": 0.0, "percent_covered_display": "0", "missing_lines": 1, "excluded_lines": 0, "percent_statements_covered": 0.0, "percent_statements_covered_display": "0"}, "missing_lines": [17], "excluded_lines": []}, "create_preference": {"executed_lines": [], "summary": {"covered_lines": 0, "num_statements": 4, "percent_covered": 0.0, "percent_covered_display": "0", "missing_lines": 4, "excluded_lines": 0, "percent_statements_covered": 0.0, "percent_statements_covered_display": "0"}, "missing_lines": [22, 23, 24, 25], "excluded_lines": []}, "delete_preference": {"executed_lines": [], "summary": {"covered_lines": 0, "num_statements": 6, "percent_covered": 0.0, "percent_covered_display": "0", "missing_lines": 6, "excluded_lines": 0, "percent_statements_covered": 0.0, "percent_statements_covered_display": "0"}, "missing_lines": [30, 31, 32, 33, 34, 35], "excluded_lines": []}, "get_rules": {"executed_lines": [], "summary": {"covered_lines": 0, "num_statements": 1, "percent_covered": 0.0, "percent_covered_display": "0", "missing_lines": 1, "excluded_lines": 0, "percent_statements_covered": 0.0, "percent_statements_covered_display": "0"}, "missing_lines": [40], "excluded_lines": []}, "create_rule": {"executed_lines": [], "summary": {"covered_lines": 0, "num_statements": 4, "percent_covered": 0.0, "percent_covered_display": "0", "missing_lines": 4, "excluded_lines": 0, "percent_statements_covered": 0.0, "percent_statements_covered_display": "0"}, "missing_lines": [45, 46, 47, 48], "excluded_lines": []}, "delete_rule": {"executed_lines": [], "summary": {"covered_lines": 0, "num_statements": 6, "percent_covered": 0.0, "percent_covered_display": "0", "missing_lines": 6, "excluded_lines": 0, "percent_statements_covered": 0.0, "percent_statements_covered_display": "0"}, "missing_lines": [53, 54, 55, 56, 57, 58], "excluded_lines": []}, "trigger_poll": {"executed_lines": [], "summary": {"covered_lines": 0, "num_statements": 2, "percent_covered": 0.0, "percent_covered_display": "0", "missing_lines": 2, "excluded_lines": 0, "percent_statements_covered": 0.0, "percent_statements_covered_display": "0"}, "missing_lines": [65, 66], "excluded_lines": []}, "get_email_template": {"executed_lines": [], "summary": {"covered_lines": 0, "num_statements": 4, "percent_covered": 0.0, "percent_covered_display": "0", "missing_lines": 4, "excluded_lines": 0, "percent_statements_covered": 0.0, "percent_statements_covered_display": "0"}, "missing_lines": [79, 83, 84, 87], "excluded_lines": []}, "update_email_template": {"executed_lines": [], "summary": {"covered_lines": 0, "num_statements": 12, "percent_covered": 0.0, "percent_covered_display": "0", "missing_lines": 12, "excluded_lines": 0, "percent_statements_covered": 0.0, "percent_statements_covered_display": "0"}, "missing_lines": [96, 97, 98, 99, 103, 107, 108, 110, 115, 117, 118, 119], "excluded_lines": []}, "test_connections": {"executed_lines": [], "summary": {"covered_lines": 0, "num_statements": 9, "percent_covered": 0.0, "percent_covered_display": "0", "missing_lines": 9, "excluded_lines": 0, "percent_statements_covered": 0.0, "percent_statements_covered_display": "0"}, "missing_lines": [124, 126, 127, 128, 129, 130, 132, 133, 141], "excluded_lines": []}, "": {"executed_lines": [], "summary": {"covered_lines": 0, "num_statements": 32, "percent_covered": 0.0, "percent_covered_display": "0", "missing_lines": 32, "excluded_lines": 0, "percent_statements_covered": 0.0, "percent_statements_covered_display": "0"}, "missing_lines": [1, 3, 4, 5, 6, 7, 8, 9, 10, 12, 15, 16, 20, 21, 28, 29, 38, 39, 43, 44, 51, 52, 61, 62, 72, 73, 76, 77, 90, 91, 122, 123], "excluded_lines": []}}, "classes": {"EmailTemplateUpdate": {"executed_lines": [], "summary": {"covered_lines": 0, "num_statements": 0, "percent_covered": 100.0, "percent_covered_display": "100", "missing_lines": 0, "excluded_lines": 0, "percent_statements_covered": 100.0, "percent_statements_covered_display": "100"}, "missing_lines": [], "excluded_lines": []}, "": {"executed_lines": [], "summary": {"covered_lines": 0, "num_statements": 81, "percent_covered": 0.0, "percent_covered_display": "0", "missing_lines": 81, "excluded_lines": 0, "percent_statements_covered": 0.0, "percent_statements_covered_display": "0"}, "missing_lines": [1, 3, 4, 5, 6, 7, 8, 9, 10, 12, 15, 16, 17, 20, 21, 22, 23, 24, 25, 28, 29, 30, 31, 32, 33, 34, 35, 38, 39, 40, 43, 44, 45, 46, 47, 48, 51, 52, 53, 54, 55, 56, 57, 58, 61, 62, 65, 66, 72, 73, 76, 77, 79, 83, 84, 87, 90, 91, 96, 97, 98, 99, 103, 107, 108, 110, 115, 117, 118, 119, 122, 123, 124, 126, 127, 128, 129, 130, 132, 133, 141], "excluded_lines": []}}}, "security.py": {"executed_lines": [], "summary": {"covered_lines": 0, "num_statements": 25, "percent_covered": 0.0, "percent_covered_display": "0", "missing_lines": 25, "excluded_lines": 0, "percent_statements_covered": 0.0, "percent_statements_covered_display": "0"}, "missing_lines": [1, 3, 6, 8, 9, 10, 14, 17, 19, 20, 21, 22, 25, 27, 28, 29, 30, 31, 33, 34, 35, 36, 37, 39, 40], "excluded_lines": [], "functions": {"get_fernet": {"executed_lines": [], "summary": {"covered_lines": 0, "num_statements": 4, "percent_covered": 0.0, "percent_covered_display": "0", "missing_lines": 4, "excluded_lines": 0, "percent_statements_covered": 0.0, "percent_statements_covered_display": "0"}, "missing_lines": [8, 9, 10, 14], "excluded_lines": []}, "encrypt_content": {"executed_lines": [], "summary": {"covered_lines": 0, "num_statements": 4, "percent_covered": 0.0, "percent_covered_display": "0", "missing_lines": 4, "excluded_lines": 0, "percent_statements_covered": 0.0, "percent_statements_covered_display": "0"}, "missing_lines": [19, 20, 21, 22], "excluded_lines": []}, "decrypt_content": {"executed_lines": [], "summary": {"covered_lines": 0, "num_statements": 12, "percent_covered": 0.0, "percent_covered_display": "0", "missing_lines": 12, "excluded_lines": 0, "percent_statements_covered": 0.0, "percent_statements_covered_display": "0"}, "missing_lines": [27, 28, 29, 30, 31, 33, 34, 35, 36, 37, 39, 40], "excluded_lines": []}, "": {"executed_lines": [], "summary": {"covered_lines": 0, "num_statements": 5, "percent_covered": 0.0, "percent_covered_display": "0", "missing_lines": 5, "excluded_lines": 0, "percent_statements_covered": 0.0, "percent_statements_covered_display": "0"}, "missing_lines": [1, 3, 6, 17, 25], "excluded_lines": []}}, "classes": {"": {"executed_lines": [], "summary": {"covered_lines": 0, "num_statements": 25, "percent_covered": 0.0, "percent_covered_display": "0", "missing_lines": 25, "excluded_lines": 0, "percent_statements_covered": 0.0, "percent_statements_covered_display": "0"}, "missing_lines": [1, 3, 6, 8, 9, 10, 14, 17, 19, 20, 21, 22, 25, 27, 28, 29, 30, 31, 33, 34, 35, 36, 37, 39, 40], "excluded_lines": []}}}, "services/__init__.py": {"executed_lines": [0], "summary": {"covered_lines": 0, "num_statements": 0, "percent_covered": 100.0, "percent_covered_display": "100", "missing_lines": 0, "excluded_lines": 0, "percent_statements_covered": 100.0, "percent_statements_covered_display": "100"}, "missing_lines": [], "excluded_lines": [], "functions": {"": {"executed_lines": [], "summary": {"covered_lines": 0, "num_statements": 0, "percent_covered": 100.0, "percent_covered_display": "100", "missing_lines": 0, "excluded_lines": 0, "percent_statements_covered": 100.0, "percent_statements_covered_display": "100"}, "missing_lines": [], "excluded_lines": []}}, "classes": {"": {"executed_lines": [], "summary": {"covered_lines": 0, "num_statements": 0, "percent_covered": 100.0, "percent_covered_display": "100", "missing_lines": 0, "excluded_lines": 0, "percent_statements_covered": 100.0, "percent_statements_covered_display": "100"}, "missing_lines": [], "excluded_lines": []}}}, "services/command_service.py": {"executed_lines": [], "summary": {"covered_lines": 0, "num_statements": 89, "percent_covered": 0.0, "percent_covered_display": "0", "missing_lines": 89, "excluded_lines": 0, "percent_statements_covered": 0.0, "percent_statements_covered_display": "0"}, "missing_lines": [1, 3, 4, 5, 8, 9, 10, 14, 15, 17, 18, 20, 22, 23, 28, 29, 34, 35, 37, 38, 39, 40, 43, 44, 45, 47, 48, 50, 51, 52, 53, 56, 57, 59, 60, 61, 62, 63, 64, 66, 67, 68, 69, 71, 73, 74, 75, 77, 83, 84, 85, 86, 87, 89, 91, 92, 93, 94, 95, 104, 105, 106, 108, 109, 110, 111, 113, 114, 115, 116, 117, 119, 121, 122, 123, 124, 125, 126, 127, 129, 130, 131, 132, 134, 135, 136, 138, 139, 141], "excluded_lines": [], "functions": {"CommandService.is_command_email": {"executed_lines": [], "summary": {"covered_lines": 0, "num_statements": 5, "percent_covered": 0.0, "percent_covered_display": "0", "missing_lines": 5, "excluded_lines": 0, "percent_statements_covered": 0.0, "percent_statements_covered_display": "0"}, "missing_lines": [14, 15, 17, 18, 20], "excluded_lines": []}, "CommandService.process_command": {"executed_lines": [], "summary": {"covered_lines": 0, "num_statements": 30, "percent_covered": 0.0, "percent_covered_display": "0", "missing_lines": 30, "excluded_lines": 0, "percent_statements_covered": 0.0, "percent_statements_covered_display": "0"}, "missing_lines": [28, 29, 34, 35, 37, 38, 39, 40, 43, 44, 45, 47, 48, 50, 51, 52, 53, 56, 57, 59, 60, 61, 62, 63, 64, 66, 67, 68, 69, 71], "excluded_lines": []}, "CommandService._add_preference": {"executed_lines": [], "summary": {"covered_lines": 0, "num_statements": 8, "percent_covered": 0.0, "percent_covered_display": "0", "missing_lines": 8, "excluded_lines": 0, "percent_statements_covered": 0.0, "percent_statements_covered_display": "0"}, "missing_lines": [75, 77, 83, 84, 85, 86, 87, 89], "excluded_lines": []}, "CommandService._send_confirmation": {"executed_lines": [], "summary": {"covered_lines": 0, "num_statements": 23, "percent_covered": 0.0, "percent_covered_display": "0", "missing_lines": 23, "excluded_lines": 0, "percent_statements_covered": 0.0, "percent_statements_covered_display": "0"}, "missing_lines": [93, 94, 95, 104, 105, 106, 108, 109, 110, 111, 113, 114, 115, 116, 117, 119, 121, 122, 123, 124, 125, 126, 127], "excluded_lines": []}, "CommandService._send_settings_summary": {"executed_lines": [], "summary": {"covered_lines": 0, "num_statements": 8, "percent_covered": 0.0, "percent_covered_display": "0", "missing_lines": 8, "excluded_lines": 0, "percent_statements_covered": 0.0, "percent_statements_covered_display": "0"}, "missing_lines": [131, 132, 134, 135, 136, 138, 139, 141], "excluded_lines": []}, "": {"executed_lines": [], "summary": {"covered_lines": 0, "num_statements": 15, "percent_covered": 0.0, "percent_covered_display": "0", "missing_lines": 15, "excluded_lines": 0, "percent_statements_covered": 0.0, "percent_statements_covered_display": "0"}, "missing_lines": [1, 3, 4, 5, 8, 9, 10, 22, 23, 73, 74, 91, 92, 129, 130], "excluded_lines": []}}, "classes": {"CommandService": {"executed_lines": [], "summary": {"covered_lines": 0, "num_statements": 74, "percent_covered": 0.0, "percent_covered_display": "0", "missing_lines": 74, "excluded_lines": 0, "percent_statements_covered": 0.0, "percent_statements_covered_display": "0"}, "missing_lines": [14, 15, 17, 18, 20, 28, 29, 34, 35, 37, 38, 39, 40, 43, 44, 45, 47, 48, 50, 51, 52, 53, 56, 57, 59, 60, 61, 62, 63, 64, 66, 67, 68, 69, 71, 75, 77, 83, 84, 85, 86, 87, 89, 93, 94, 95, 104, 105, 106, 108, 109, 110, 111, 113, 114, 115, 116, 117, 119, 121, 122, 123, 124, 125, 126, 127, 131, 132, 134, 135, 136, 138, 139, 141], "excluded_lines": []}, "": {"executed_lines": [], "summary": {"covered_lines": 0, "num_statements": 15, "percent_covered": 0.0, "percent_covered_display": "0", "missing_lines": 15, "excluded_lines": 0, "percent_statements_covered": 0.0, "percent_statements_covered_display": "0"}, "missing_lines": [1, 3, 4, 5, 8, 9, 10, 22, 23, 73, 74, 91, 92, 129, 130], "excluded_lines": []}}}, "services/detector.py": {"executed_lines": [], "summary": {"covered_lines": 0, "num_statements": 210, "percent_covered": 0.0, "percent_covered_display": "0", "missing_lines": 210, "excluded_lines": 0, "percent_statements_covered": 0.0, "percent_statements_covered_display": "0"}, "missing_lines": [1, 2, 3, 4, 6, 8, 9, 12, 13, 14, 19, 22, 23, 32, 33, 36, 39, 40, 43, 46, 49, 50, 51, 52, 53, 56, 61, 62, 63, 64, 65, 66, 67, 70, 71, 72, 75, 76, 77, 86, 87, 88, 91, 94, 95, 96, 99, 102, 103, 105, 106, 108, 109, 113, 116, 117, 124, 133, 134, 135, 142, 143, 144, 148, 149, 150, 152, 153, 157, 158, 159, 162, 163, 164, 165, 166, 167, 168, 169, 170, 171, 172, 174, 175, 176, 186, 187, 190, 191, 192, 195, 206, 207, 208, 209, 211, 212, 214, 216, 217, 218, 238, 242, 244, 284, 286, 289, 290, 292, 309, 313, 315, 316, 317, 431, 432, 433, 436, 437, 439, 440, 442, 443, 445, 465, 470, 472, 483, 486, 488, 498, 504, 506, 508, 509, 511, 518, 519, 520, 522, 543, 544, 545, 551, 557, 558, 562, 563, 565, 578, 579, 583, 584, 585, 586, 588, 604, 605, 606, 608, 610, 611, 612, 637, 639, 640, 641, 652, 658, 659, 660, 667, 671, 672, 673, 674, 675, 676, 677, 678, 679, 680, 681, 682, 683, 684, 686, 689, 691, 696, 698, 703, 705, 707, 708, 709, 712, 713, 721, 722, 724, 725, 726, 728, 731, 733, 734, 736, 737, 739], "excluded_lines": [], "functions": {"ReceiptDetector.is_receipt": {"executed_lines": [], "summary": {"covered_lines": 0, "num_statements": 41, "percent_covered": 0.0, "percent_covered_display": "0", "missing_lines": 41, "excluded_lines": 0, "percent_statements_covered": 0.0, "percent_statements_covered_display": "0"}, "missing_lines": [19, 22, 23, 32, 33, 36, 39, 40, 43, 46, 49, 50, 51, 52, 53, 56, 61, 62, 63, 64, 65, 66, 67, 70, 71, 72, 75, 76, 77, 86, 87, 88, 91, 94, 95, 96, 99, 102, 103, 105, 106], "excluded_lines": []}, "ReceiptDetector.debug_is_receipt": {"executed_lines": [], "summary": {"covered_lines": 0, "num_statements": 13, "percent_covered": 0.0, "percent_covered_display": "0", "missing_lines": 13, "excluded_lines": 0, "percent_statements_covered": 0.0, "percent_statements_covered_display": "0"}, "missing_lines": [113, 116, 117, 124, 133, 134, 135, 142, 143, 144, 148, 149, 150], "excluded_lines": []}, "ReceiptDetector._check_manual_rules": {"executed_lines": [], "summary": {"covered_lines": 0, "num_statements": 14, "percent_covered": 0.0, "percent_covered_display": "0", "missing_lines": 14, "excluded_lines": 0, "percent_statements_covered": 0.0, "percent_statements_covered_display": "0"}, "missing_lines": [157, 158, 159, 162, 163, 164, 165, 166, 167, 168, 169, 170, 171, 172], "excluded_lines": []}, "ReceiptDetector.is_reply_or_forward": {"executed_lines": [], "summary": {"covered_lines": 0, "num_statements": 14, "percent_covered": 0.0, "percent_covered_display": "0", "missing_lines": 14, "excluded_lines": 0, "percent_statements_covered": 0.0, "percent_statements_covered_display": "0"}, "missing_lines": [176, 186, 187, 190, 191, 192, 195, 206, 207, 208, 209, 211, 212, 214], "excluded_lines": []}, "ReceiptDetector.is_shipping_notification": {"executed_lines": [], "summary": {"covered_lines": 0, "num_statements": 11, "percent_covered": 0.0, "percent_covered_display": "0", "missing_lines": 11, "excluded_lines": 0, "percent_statements_covered": 0.0, "percent_statements_covered_display": "0"}, "missing_lines": [218, 238, 242, 244, 284, 286, 289, 290, 292, 309, 313], "excluded_lines": []}, "ReceiptDetector.is_promotional_email": {"executed_lines": [], "summary": {"covered_lines": 0, "num_statements": 20, "percent_covered": 0.0, "percent_covered_display": "0", "missing_lines": 20, "excluded_lines": 0, "percent_statements_covered": 0.0, "percent_statements_covered_display": "0"}, "missing_lines": [317, 431, 432, 433, 436, 437, 439, 440, 442, 443, 445, 465, 470, 472, 483, 486, 488, 498, 504, 506], "excluded_lines": []}, "ReceiptDetector.has_strong_receipt_indicators": {"executed_lines": [], "summary": {"covered_lines": 0, "num_statements": 16, "percent_covered": 0.0, "percent_covered_display": "0", "missing_lines": 16, "excluded_lines": 0, "percent_statements_covered": 0.0, "percent_statements_covered_display": "0"}, "missing_lines": [511, 518, 519, 520, 522, 543, 544, 545, 551, 557, 558, 562, 563, 565, 578, 579], "excluded_lines": []}, "ReceiptDetector.calculate_transactional_score": {"executed_lines": [], "summary": {"covered_lines": 0, "num_statements": 7, "percent_covered": 0.0, "percent_covered_display": "0", "missing_lines": 7, "excluded_lines": 0, "percent_statements_covered": 0.0, "percent_statements_covered_display": "0"}, "missing_lines": [585, 586, 588, 604, 605, 606, 608], "excluded_lines": []}, "ReceiptDetector.is_known_receipt_sender": {"executed_lines": [], "summary": {"covered_lines": 0, "num_statements": 2, "percent_covered": 0.0, "percent_covered_display": "0", "missing_lines": 2, "excluded_lines": 0, "percent_statements_covered": 0.0, "percent_statements_covered_display": "0"}, "missing_lines": [612, 637], "excluded_lines": []}, "ReceiptDetector.has_transaction_confirmation": {"executed_lines": [], "summary": {"covered_lines": 0, "num_statements": 2, "percent_covered": 0.0, "percent_covered_display": "0", "missing_lines": 2, "excluded_lines": 0, "percent_statements_covered": 0.0, "percent_statements_covered_display": "0"}, "missing_lines": [641, 652], "excluded_lines": []}, "ReceiptDetector.categorize_receipt": {"executed_lines": [], "summary": {"covered_lines": 0, "num_statements": 23, "percent_covered": 0.0, "percent_covered_display": "0", "missing_lines": 23, "excluded_lines": 0, "percent_statements_covered": 0.0, "percent_statements_covered_display": "0"}, "missing_lines": [660, 667, 671, 672, 673, 674, 675, 676, 677, 678, 679, 680, 681, 682, 683, 684, 686, 689, 691, 696, 698, 703, 705], "excluded_lines": []}, "ReceiptDetector.get_detection_confidence": {"executed_lines": [], "summary": {"covered_lines": 0, "num_statements": 15, "percent_covered": 0.0, "percent_covered_display": "0", "missing_lines": 15, "excluded_lines": 0, "percent_statements_covered": 0.0, "percent_statements_covered_display": "0"}, "missing_lines": [709, 712, 713, 721, 722, 724, 725, 726, 728, 731, 733, 734, 736, 737, 739], "excluded_lines": []}, "": {"executed_lines": [], "summary": {"covered_lines": 0, "num_statements": 32, "percent_covered": 0.0, "percent_covered_display": "0", "missing_lines": 32, "excluded_lines": 0, "percent_statements_covered": 0.0, "percent_statements_covered_display": "0"}, "missing_lines": [1, 2, 3, 4, 6, 8, 9, 12, 13, 14, 108, 109, 152, 153, 174, 175, 216, 217, 315, 316, 508, 509, 583, 584, 610, 611, 639, 640, 658, 659, 707, 708], "excluded_lines": []}}, "classes": {"ReceiptDetector": {"executed_lines": [], "summary": {"covered_lines": 0, "num_statements": 178, "percent_covered": 0.0, "percent_covered_display": "0", "missing_lines": 178, "excluded_lines": 0, "percent_statements_covered": 0.0, "percent_statements_covered_display": "0"}, "missing_lines": [19, 22, 23, 32, 33, 36, 39, 40, 43, 46, 49, 50, 51, 52, 53, 56, 61, 62, 63, 64, 65, 66, 67, 70, 71, 72, 75, 76, 77, 86, 87, 88, 91, 94, 95, 96, 99, 102, 103, 105, 106, 113, 116, 117, 124, 133, 134, 135, 142, 143, 144, 148, 149, 150, 157, 158, 159, 162, 163, 164, 165, 166, 167, 168, 169, 170, 171, 172, 176, 186, 187, 190, 191, 192, 195, 206, 207, 208, 209, 211, 212, 214, 218, 238, 242, 244, 284, 286, 289, 290, 292, 309, 313, 317, 431, 432, 433, 436, 437, 439, 440, 442, 443, 445, 465, 470, 472, 483, 486, 488, 498, 504, 506, 511, 518, 519, 520, 522, 543, 544, 545, 551, 557, 558, 562, 563, 565, 578, 579, 585, 586, 588, 604, 605, 606, 608, 612, 637, 641, 652, 660, 667, 671, 672, 673, 674, 675, 676, 677, 678, 679, 680, 681, 682, 683, 684, 686, 689, 691, 696, 698, 703, 705, 709, 712, 713, 721, 722, 724, 725, 726, 728, 731, 733, 734, 736, 737, 739], "excluded_lines": []}, "": {"executed_lines": [], "summary": {"covered_lines": 0, "num_statements": 32, "percent_covered": 0.0, "percent_covered_display": "0", "missing_lines": 32, "excluded_lines": 0, "percent_statements_covered": 0.0, "percent_statements_covered_display": "0"}, "missing_lines": [1, 2, 3, 4, 6, 8, 9, 12, 13, 14, 108, 109, 152, 153, 174, 175, 216, 217, 315, 316, 508, 509, 583, 584, 610, 611, 639, 640, 658, 659, 707, 708], "excluded_lines": []}}}, "services/email_service.py": {"executed_lines": [1, 2, 3, 4, 5, 6, 7, 8, 11, 12, 13, 18, 21, 22, 23, 24, 25, 26, 28, 29, 31, 32, 33, 34, 43, 44, 48, 49, 52, 54, 56, 57, 66, 67, 68, 78, 80, 81, 95, 96, 109, 110, 313, 314], "summary": {"covered_lines": 44, "num_statements": 216, "percent_covered": 20.37037037037037, "percent_covered_display": "20", "missing_lines": 172, "excluded_lines": 0, "percent_statements_covered": 20.37037037037037, "percent_statements_covered_display": "20"}, "missing_lines": [69, 70, 85, 86, 88, 89, 90, 91, 93, 97, 98, 100, 101, 102, 103, 104, 105, 106, 107, 140, 143, 144, 145, 146, 147, 149, 150, 151, 152, 153, 158, 160, 161, 162, 164, 166, 167, 168, 170, 172, 175, 177, 178, 180, 181, 182, 184, 185, 188, 189, 190, 191, 192, 194, 195, 196, 197, 198, 203, 205, 206, 211, 214, 215, 219, 221, 223, 224, 226, 227, 228, 229, 232, 233, 234, 239, 240, 242, 243, 244, 245, 249, 250, 252, 253, 254, 255, 258, 259, 260, 261, 262, 263, 266, 267, 268, 269, 272, 273, 275, 276, 277, 282, 283, 285, 286, 288, 301, 302, 303, 305, 306, 307, 309, 310, 311, 320, 321, 323, 324, 325, 326, 334, 335, 337, 339, 342, 345, 347, 349, 351, 352, 353, 355, 356, 357, 358, 359, 361, 362, 365, 366, 368, 369, 370, 371, 372, 373, 374, 375, 376, 377, 378, 379, 380, 381, 382, 383, 385, 386, 387, 389, 392, 393, 395, 396, 399, 408, 409, 410, 411, 412], "excluded_lines": [], "functions": {"EmailService.get_all_accounts": {"executed_lines": [18, 21, 22, 23, 24, 25, 26, 28, 29, 31, 32, 33, 34, 43, 44, 48, 49, 52, 54, 56, 57, 66, 67, 68, 78], "summary": {"covered_lines": 25, "num_statements": 27, "percent_covered": 92.5925925925926, "percent_covered_display": "93", "missing_lines": 2, "excluded_lines": 0, "percent_statements_covered": 92.5925925925926, "percent_statements_covered_display": "93"}, "missing_lines": [69, 70], "excluded_lines": []}, "EmailService.get_credentials_for_account": {"executed_lines": [], "summary": {"covered_lines": 0, "num_statements": 7, "percent_covered": 0.0, "percent_covered_display": "0", "missing_lines": 7, "excluded_lines": 0, "percent_statements_covered": 0.0, "percent_statements_covered_display": "0"}, "missing_lines": [85, 86, 88, 89, 90, 91, 93], "excluded_lines": []}, "EmailService.test_connection": {"executed_lines": [], "summary": {"covered_lines": 0, "num_statements": 10, "percent_covered": 0.0, "percent_covered_display": "0", "missing_lines": 10, "excluded_lines": 0, "percent_statements_covered": 0.0, "percent_statements_covered_display": "0"}, "missing_lines": [97, 98, 100, 101, 102, 103, 104, 105, 106, 107], "excluded_lines": []}, "EmailService.fetch_recent_emails": {"executed_lines": [], "summary": {"covered_lines": 0, "num_statements": 97, "percent_covered": 0.0, "percent_covered_display": "0", "missing_lines": 97, "excluded_lines": 0, "percent_statements_covered": 0.0, "percent_statements_covered_display": "0"}, "missing_lines": [140, 143, 144, 145, 146, 147, 149, 150, 151, 152, 153, 158, 160, 161, 162, 164, 166, 167, 168, 170, 172, 175, 177, 178, 180, 181, 182, 184, 185, 188, 189, 190, 191, 192, 194, 195, 196, 197, 198, 203, 205, 206, 211, 214, 215, 219, 221, 223, 224, 226, 227, 228, 229, 232, 233, 234, 239, 240, 242, 243, 244, 245, 249, 250, 252, 253, 254, 255, 258, 259, 260, 261, 262, 263, 266, 267, 268, 269, 272, 273, 275, 276, 277, 282, 283, 285, 286, 288, 301, 302, 303, 305, 306, 307, 309, 310, 311], "excluded_lines": []}, "EmailService.fetch_email_by_id": {"executed_lines": [], "summary": {"covered_lines": 0, "num_statements": 56, "percent_covered": 0.0, "percent_covered_display": "0", "missing_lines": 56, "excluded_lines": 0, "percent_statements_covered": 0.0, "percent_statements_covered_display": "0"}, "missing_lines": [320, 321, 323, 324, 325, 326, 334, 335, 337, 339, 342, 345, 347, 349, 351, 352, 353, 355, 356, 357, 358, 359, 361, 362, 365, 366, 368, 369, 370, 371, 372, 373, 374, 375, 376, 377, 378, 379, 380, 381, 382, 383, 385, 386, 387, 389, 392, 393, 395, 396, 399, 408, 409, 410, 411, 412], "excluded_lines": []}, "": {"executed_lines": [1, 2, 3, 4, 5, 6, 7, 8, 11, 12, 13, 80, 81, 95, 96, 109, 110, 313, 314], "summary": {"covered_lines": 19, "num_statements": 19, "percent_covered": 100.0, "percent_covered_display": "100", "missing_lines": 0, "excluded_lines": 0, "percent_statements_covered": 100.0, "percent_statements_covered_display": "100"}, "missing_lines": [], "excluded_lines": []}}, "classes": {"EmailService": {"executed_lines": [18, 21, 22, 23, 24, 25, 26, 28, 29, 31, 32, 33, 34, 43, 44, 48, 49, 52, 54, 56, 57, 66, 67, 68, 78], "summary": {"covered_lines": 25, "num_statements": 197, "percent_covered": 12.690355329949238, "percent_covered_display": "13", "missing_lines": 172, "excluded_lines": 0, "percent_statements_covered": 12.690355329949238, "percent_statements_covered_display": "13"}, "missing_lines": [69, 70, 85, 86, 88, 89, 90, 91, 93, 97, 98, 100, 101, 102, 103, 104, 105, 106, 107, 140, 143, 144, 145, 146, 147, 149, 150, 151, 152, 153, 158, 160, 161, 162, 164, 166, 167, 168, 170, 172, 175, 177, 178, 180, 181, 182, 184, 185, 188, 189, 190, 191, 192, 194, 195, 196, 197, 198, 203, 205, 206, 211, 214, 215, 219, 221, 223, 224, 226, 227, 228, 229, 232, 233, 234, 239, 240, 242, 243, 244, 245, 249, 250, 252, 253, 254, 255, 258, 259, 260, 261, 262, 263, 266, 267, 268, 269, 272, 273, 275, 276, 277, 282, 283, 285, 286, 288, 301, 302, 303, 305, 306, 307, 309, 310, 311, 320, 321, 323, 324, 325, 326, 334, 335, 337, 339, 342, 345, 347, 349, 351, 352, 353, 355, 356, 357, 358, 359, 361, 362, 365, 366, 368, 369, 370, 371, 372, 373, 374, 375, 376, 377, 378, 379, 380, 381, 382, 383, 385, 386, 387, 389, 392, 393, 395, 396, 399, 408, 409, 410, 411, 412], "excluded_lines": []}, "": {"executed_lines": [1, 2, 3, 4, 5, 6, 7, 8, 11, 12, 13, 80, 81, 95, 96, 109, 110, 313, 314], "summary": {"covered_lines": 19, "num_statements": 19, "percent_covered": 100.0, "percent_covered_display": "100", "missing_lines": 0, "excluded_lines": 0, "percent_statements_covered": 100.0, "percent_statements_covered_display": "100"}, "missing_lines": [], "excluded_lines": []}}}, "services/forwarder.py": {"executed_lines": [1, 2, 3, 4, 5, 6, 7, 8, 9, 11, 12, 13, 14, 15, 18, 19, 20, 21, 22, 23, 24, 26, 28, 29, 30, 31, 32, 35, 37, 38, 39, 42, 43, 49, 50, 52, 54, 55, 56, 58, 59, 60, 61, 64, 65, 66, 67, 69, 71, 76, 77, 79, 87, 90, 92, 95, 96, 112, 113, 114, 116, 118, 119, 121, 122, 123, 125, 132, 133, 134, 135, 138, 139, 145, 146, 148, 180, 182, 189, 190, 191, 192, 193, 194, 195, 196, 197, 198], "summary": {"covered_lines": 88, "num_statements": 106, "percent_covered": 83.01886792452831, "percent_covered_display": "83", "missing_lines": 18, "excluded_lines": 0, "percent_statements_covered": 83.01886792452831, "percent_statements_covered_display": "83"}, "missing_lines": [72, 73, 84, 93, 99, 100, 103, 104, 108, 109, 140, 141, 160, 163, 164, 165, 175, 177], "excluded_lines": [], "functions": {"EmailForwarder.forward_email": {"executed_lines": [21, 22, 23, 24, 26, 28, 29, 30, 31, 32, 35, 37, 38, 39, 42, 43, 49, 50, 52, 54, 55, 56, 58, 59, 60, 61, 64, 65, 66, 67, 69, 71, 76, 77, 79, 87, 90, 92, 95, 121, 122, 123, 125, 132, 133, 134, 135, 138, 139, 145, 146, 148, 180, 182, 189, 190, 191, 192, 193, 194, 195, 196, 197, 198], "summary": {"covered_lines": 64, "num_statements": 76, "percent_covered": 84.21052631578948, "percent_covered_display": "84", "missing_lines": 12, "excluded_lines": 0, "percent_statements_covered": 84.21052631578948, "percent_statements_covered_display": "84"}, "missing_lines": [72, 73, 84, 93, 140, 141, 160, 163, 164, 165, 175, 177], "excluded_lines": []}, "EmailForwarder.forward_email.make_link": {"executed_lines": [96, 112, 113, 114, 116, 118, 119], "summary": {"covered_lines": 7, "num_statements": 13, "percent_covered": 53.84615384615385, "percent_covered_display": "54", "missing_lines": 6, "excluded_lines": 0, "percent_statements_covered": 53.84615384615385, "percent_statements_covered_display": "54"}, "missing_lines": [99, 100, 103, 104, 108, 109], "excluded_lines": []}, "": {"executed_lines": [1, 2, 3, 4, 5, 6, 7, 8, 9, 11, 12, 13, 14, 15, 18, 19, 20], "summary": {"covered_lines": 17, "num_statements": 17, "percent_covered": 100.0, "percent_covered_display": "100", "missing_lines": 0, "excluded_lines": 0, "percent_statements_covered": 100.0, "percent_statements_covered_display": "100"}, "missing_lines": [], "excluded_lines": []}}, "classes": {"EmailForwarder": {"executed_lines": [21, 22, 23, 24, 26, 28, 29, 30, 31, 32, 35, 37, 38, 39, 42, 43, 49, 50, 52, 54, 55, 56, 58, 59, 60, 61, 64, 65, 66, 67, 69, 71, 76, 77, 79, 87, 90, 92, 95, 96, 112, 113, 114, 116, 118, 119, 121, 122, 123, 125, 132, 133, 134, 135, 138, 139, 145, 146, 148, 180, 182, 189, 190, 191, 192, 193, 194, 195, 196, 197, 198], "summary": {"covered_lines": 71, "num_statements": 89, "percent_covered": 79.7752808988764, "percent_covered_display": "80", "missing_lines": 18, "excluded_lines": 0, "percent_statements_covered": 79.7752808988764, "percent_statements_covered_display": "80"}, "missing_lines": [72, 73, 84, 93, 99, 100, 103, 104, 108, 109, 140, 141, 160, 163, 164, 165, 175, 177], "excluded_lines": []}, "": {"executed_lines": [1, 2, 3, 4, 5, 6, 7, 8, 9, 11, 12, 13, 14, 15, 18, 19, 20], "summary": {"covered_lines": 17, "num_statements": 17, "percent_covered": 100.0, "percent_covered_display": "100", "missing_lines": 0, "excluded_lines": 0, "percent_statements_covered": 100.0, "percent_statements_covered_display": "100"}, "missing_lines": [], "excluded_lines": []}}}, "services/learning_service.py": {"executed_lines": [], "summary": {"covered_lines": 0, "num_statements": 47, "percent_covered": 0.0, "percent_covered_display": "0", "missing_lines": 47, "excluded_lines": 0, "percent_statements_covered": 0.0, "percent_statements_covered_display": "0"}, "missing_lines": [1, 2, 3, 4, 6, 7, 10, 16, 17, 22, 23, 26, 27, 30, 40, 48, 56, 58, 59, 63, 65, 66, 71, 72, 74, 78, 79, 80, 83, 84, 89, 91, 92, 94, 95, 97, 99, 100, 104, 107, 109, 116, 117, 118, 119, 120, 124], "excluded_lines": [], "functions": {"LearningService.generate_rule_from_email": {"executed_lines": [], "summary": {"covered_lines": 0, "num_statements": 11, "percent_covered": 0.0, "percent_covered_display": "0", "missing_lines": 11, "excluded_lines": 0, "percent_statements_covered": 0.0, "percent_statements_covered_display": "0"}, "missing_lines": [22, 23, 26, 27, 30, 40, 48, 56, 58, 59, 63], "excluded_lines": []}, "LearningService.run_shadow_mode": {"executed_lines": [], "summary": {"covered_lines": 0, "num_statements": 14, "percent_covered": 0.0, "percent_covered_display": "0", "missing_lines": 14, "excluded_lines": 0, "percent_statements_covered": 0.0, "percent_statements_covered_display": "0"}, "missing_lines": [71, 72, 74, 78, 79, 80, 83, 84, 89, 91, 92, 94, 95, 97], "excluded_lines": []}, "LearningService.auto_promote_rules": {"executed_lines": [], "summary": {"covered_lines": 0, "num_statements": 9, "percent_covered": 0.0, "percent_covered_display": "0", "missing_lines": 9, "excluded_lines": 0, "percent_statements_covered": 0.0, "percent_statements_covered_display": "0"}, "missing_lines": [104, 107, 109, 116, 117, 118, 119, 120, 124], "excluded_lines": []}, "": {"executed_lines": [], "summary": {"covered_lines": 0, "num_statements": 13, "percent_covered": 0.0, "percent_covered_display": "0", "missing_lines": 13, "excluded_lines": 0, "percent_statements_covered": 0.0, "percent_statements_covered_display": "0"}, "missing_lines": [1, 2, 3, 4, 6, 7, 10, 16, 17, 65, 66, 99, 100], "excluded_lines": []}}, "classes": {"LearningService": {"executed_lines": [], "summary": {"covered_lines": 0, "num_statements": 34, "percent_covered": 0.0, "percent_covered_display": "0", "missing_lines": 34, "excluded_lines": 0, "percent_statements_covered": 0.0, "percent_statements_covered_display": "0"}, "missing_lines": [22, 23, 26, 27, 30, 40, 48, 56, 58, 59, 63, 71, 72, 74, 78, 79, 80, 83, 84, 89, 91, 92, 94, 95, 97, 104, 107, 109, 116, 117, 118, 119, 120, 124], "excluded_lines": []}, "": {"executed_lines": [], "summary": {"covered_lines": 0, "num_statements": 13, "percent_covered": 0.0, "percent_covered_display": "0", "missing_lines": 13, "excluded_lines": 0, "percent_statements_covered": 0.0, "percent_statements_covered_display": "0"}, "missing_lines": [1, 2, 3, 4, 6, 7, 10, 16, 17, 65, 66, 99, 100], "excluded_lines": []}}}, "services/scheduler.py": {"executed_lines": [], "summary": {"covered_lines": 0, "num_statements": 194, "percent_covered": 0.0, "percent_covered_display": "0", "missing_lines": 194, "excluded_lines": 0, "percent_statements_covered": 0.0, "percent_statements_covered_display": "0"}, "missing_lines": [1, 2, 4, 5, 6, 7, 8, 9, 10, 11, 13, 16, 20, 21, 22, 23, 24, 26, 27, 30, 32, 33, 36, 38, 41, 44, 47, 48, 49, 54, 55, 56, 57, 58, 59, 60, 62, 63, 64, 65, 66, 68, 70, 71, 72, 73, 74, 75, 76, 78, 79, 80, 81, 83, 84, 85, 86, 88, 89, 90, 92, 94, 96, 97, 99, 100, 101, 102, 103, 104, 105, 107, 108, 109, 110, 111, 113, 115, 116, 117, 118, 120, 121, 122, 123, 124, 125, 126, 127, 128, 129, 130, 132, 133, 135, 136, 137, 142, 143, 144, 147, 150, 153, 155, 156, 159, 160, 161, 163, 164, 167, 184, 185, 186, 187, 190, 191, 194, 196, 198, 201, 203, 204, 206, 208, 209, 210, 211, 212, 213, 216, 231, 232, 233, 235, 236, 238, 241, 242, 244, 245, 246, 247, 249, 253, 254, 255, 256, 257, 258, 259, 260, 261, 264, 266, 268, 270, 271, 273, 274, 275, 276, 277, 278, 279, 280, 281, 284, 285, 286, 288, 289, 290, 293, 295, 296, 297, 298, 299, 303, 304, 305, 306, 307, 308, 309, 311, 312, 313, 314, 315, 318, 319, 320], "excluded_lines": [], "functions": {"redact_email": {"executed_lines": [], "summary": {"covered_lines": 0, "num_statements": 7, "percent_covered": 0.0, "percent_covered_display": "0", "missing_lines": 7, "excluded_lines": 0, "percent_statements_covered": 0.0, "percent_statements_covered_display": "0"}, "missing_lines": [20, 21, 22, 23, 24, 26, 27], "excluded_lines": []}, "process_emails": {"executed_lines": [], "summary": {"covered_lines": 0, "num_statements": 147, "percent_covered": 0.0, "percent_covered_display": "0", "missing_lines": 147, "excluded_lines": 0, "percent_statements_covered": 0.0, "percent_statements_covered_display": "0"}, "missing_lines": [32, 33, 36, 38, 41, 44, 47, 48, 49, 54, 55, 56, 57, 58, 59, 60, 62, 63, 64, 65, 66, 68, 70, 71, 72, 73, 74, 75, 76, 78, 79, 80, 81, 83, 84, 85, 86, 88, 89, 90, 92, 94, 96, 97, 99, 100, 101, 102, 103, 104, 105, 107, 108, 109, 110, 111, 113, 115, 116, 117, 118, 120, 121, 122, 123, 124, 125, 126, 127, 128, 129, 130, 132, 133, 135, 136, 137, 142, 143, 144, 147, 150, 153, 155, 156, 159, 160, 161, 163, 164, 167, 184, 185, 186, 187, 190, 191, 194, 196, 198, 201, 203, 204, 206, 208, 209, 210, 211, 212, 213, 216, 231, 232, 233, 235, 236, 238, 241, 242, 244, 245, 246, 247, 249, 253, 254, 255, 256, 257, 258, 259, 260, 261, 264, 266, 268, 270, 271, 273, 274, 275, 276, 277, 278, 279, 280, 281], "excluded_lines": []}, "start_scheduler": {"executed_lines": [], "summary": {"covered_lines": 0, "num_statements": 5, "percent_covered": 0.0, "percent_covered_display": "0", "missing_lines": 5, "excluded_lines": 0, "percent_statements_covered": 0.0, "percent_statements_covered_display": "0"}, "missing_lines": [285, 286, 288, 289, 290], "excluded_lines": []}, "cleanup_expired_emails": {"executed_lines": [], "summary": {"covered_lines": 0, "num_statements": 17, "percent_covered": 0.0, "percent_covered_display": "0", "missing_lines": 17, "excluded_lines": 0, "percent_statements_covered": 0.0, "percent_statements_covered_display": "0"}, "missing_lines": [295, 296, 297, 298, 299, 303, 304, 305, 306, 307, 308, 309, 311, 312, 313, 314, 315], "excluded_lines": []}, "stop_scheduler": {"executed_lines": [], "summary": {"covered_lines": 0, "num_statements": 2, "percent_covered": 0.0, "percent_covered_display": "0", "missing_lines": 2, "excluded_lines": 0, "percent_statements_covered": 0.0, "percent_statements_covered_display": "0"}, "missing_lines": [319, 320], "excluded_lines": []}, "": {"executed_lines": [], "summary": {"covered_lines": 0, "num_statements": 16, "percent_covered": 0.0, "percent_covered_display": "0", "missing_lines": 16, "excluded_lines": 0, "percent_statements_covered": 0.0, "percent_statements_covered_display": "0"}, "missing_lines": [1, 2, 4, 5, 6, 7, 8, 9, 10, 11, 13, 16, 30, 284, 293, 318], "excluded_lines": []}}, "classes": {"": {"executed_lines": [], "summary": {"covered_lines": 0, "num_statements": 194, "percent_covered": 0.0, "percent_covered_display": "0", "missing_lines": 194, "excluded_lines": 0, "percent_statements_covered": 0.0, "percent_statements_covered_display": "0"}, "missing_lines": [1, 2, 4, 5, 6, 7, 8, 9, 10, 11, 13, 16, 20, 21, 22, 23, 24, 26, 27, 30, 32, 33, 36, 38, 41, 44, 47, 48, 49, 54, 55, 56, 57, 58, 59, 60, 62, 63, 64, 65, 66, 68, 70, 71, 72, 73, 74, 75, 76, 78, 79, 80, 81, 83, 84, 85, 86, 88, 89, 90, 92, 94, 96, 97, 99, 100, 101, 102, 103, 104, 105, 107, 108, 109, 110, 111, 113, 115, 116, 117, 118, 120, 121, 122, 123, 124, 125, 126, 127, 128, 129, 130, 132, 133, 135, 136, 137, 142, 143, 144, 147, 150, 153, 155, 156, 159, 160, 161, 163, 164, 167, 184, 185, 186, 187, 190, 191, 194, 196, 198, 201, 203, 204, 206, 208, 209, 210, 211, 212, 213, 216, 231, 232, 233, 235, 236, 238, 241, 242, 244, 245, 246, 247, 249, 253, 254, 255, 256, 257, 258, 259, 260, 261, 264, 266, 268, 270, 271, 273, 274, 275, 276, 277, 278, 279, 280, 281, 284, 285, 286, 288, 289, 290, 293, 295, 296, 297, 298, 299, 303, 304, 305, 306, 307, 308, 309, 311, 312, 313, 314, 315, 318, 319, 320], "excluded_lines": []}}}, "tests/conftest.py": {"executed_lines": [1, 3, 7, 8, 9, 10, 11, 12, 13, 14], "summary": {"covered_lines": 10, "num_statements": 10, "percent_covered": 100.0, "percent_covered_display": "100", "missing_lines": 0, "excluded_lines": 0, "percent_statements_covered": 100.0, "percent_statements_covered_display": "100"}, "missing_lines": [], "excluded_lines": [], "functions": {"test_env_setup": {"executed_lines": [9, 10, 11, 12, 13, 14], "summary": {"covered_lines": 6, "num_statements": 6, "percent_covered": 100.0, "percent_covered_display": "100", "missing_lines": 0, "excluded_lines": 0, "percent_statements_covered": 100.0, "percent_statements_covered_display": "100"}, "missing_lines": [], "excluded_lines": []}, "": {"executed_lines": [1, 3, 7, 8], "summary": {"covered_lines": 4, "num_statements": 4, "percent_covered": 100.0, "percent_covered_display": "100", "missing_lines": 0, "excluded_lines": 0, "percent_statements_covered": 100.0, "percent_statements_covered_display": "100"}, "missing_lines": [], "excluded_lines": []}}, "classes": {"": {"executed_lines": [1, 3, 7, 8, 9, 10, 11, 12, 13, 14], "summary": {"covered_lines": 10, "num_statements": 10, "percent_covered": 100.0, "percent_covered_display": "100", "missing_lines": 0, "excluded_lines": 0, "percent_statements_covered": 100.0, "percent_statements_covered_display": "100"}, "missing_lines": [], "excluded_lines": []}}}, "tests/test_forwarder.py": {"executed_lines": [1, 2, 4, 5, 6, 7, 8, 11, 12, 15, 18, 19, 22, 23, 24, 26, 29, 30, 33, 34, 35, 38, 40, 41, 49, 52, 53, 55, 61, 63, 64, 65, 66, 68, 69, 70, 72, 78, 80, 81, 83, 84, 90, 92, 93, 95, 101, 103, 104, 106, 107, 113, 115, 116, 118, 124, 126, 128, 130, 131, 135, 137, 138, 139, 141, 147, 149, 151, 152, 156, 158, 159, 161, 163, 165, 168, 169, 173, 175, 176, 178, 184, 186, 188, 189, 191, 192, 198, 200, 201, 203, 209, 211, 213, 215, 216, 220, 222, 223, 224, 226, 232, 234, 236, 237, 238, 240, 246, 249, 251, 252, 256, 258, 259, 262, 263, 266, 269, 270, 272, 278, 280, 282, 284, 285, 289, 293, 294, 297, 298, 299, 302, 303, 305, 311, 313, 315, 316, 320, 324, 325, 328, 329, 330, 333, 334, 336, 342, 343, 345, 346, 350, 357, 358, 360, 366, 367], "summary": {"covered_lines": 157, "num_statements": 157, "percent_covered": 100.0, "percent_covered_display": "100", "missing_lines": 0, "excluded_lines": 0, "percent_statements_covered": 100.0, "percent_statements_covered_display": "100"}, "missing_lines": [], "excluded_lines": [], "functions": {"clean_email_template": {"executed_lines": [15, 18, 19, 22, 23, 24, 26, 29, 30, 33, 34, 35], "summary": {"covered_lines": 12, "num_statements": 12, "percent_covered": 100.0, "percent_covered_display": "100", "missing_lines": 0, "excluded_lines": 0, "percent_statements_covered": 100.0, "percent_statements_covered_display": "100"}, "missing_lines": [], "excluded_lines": []}, "TestEmailForwarder.test_forward_email_success": {"executed_lines": [52, 53, 55, 61, 63, 64, 65, 66], "summary": {"covered_lines": 8, "num_statements": 8, "percent_covered": 100.0, "percent_covered_display": "100", "missing_lines": 0, "excluded_lines": 0, "percent_statements_covered": 100.0, "percent_statements_covered_display": "100"}, "missing_lines": [], "excluded_lines": []}, "TestEmailForwarder.test_forward_email_missing_credentials": {"executed_lines": [72, 78, 80, 81], "summary": {"covered_lines": 4, "num_statements": 4, "percent_covered": 100.0, "percent_covered_display": "100", "missing_lines": 0, "excluded_lines": 0, "percent_statements_covered": 100.0, "percent_statements_covered_display": "100"}, "missing_lines": [], "excluded_lines": []}, "TestEmailForwarder.test_forward_email_with_email_accounts_fallback": {"executed_lines": [92, 93, 95, 101, 103, 104], "summary": {"covered_lines": 6, "num_statements": 6, "percent_covered": 100.0, "percent_covered_display": "100", "missing_lines": 0, "excluded_lines": 0, "percent_statements_covered": 100.0, "percent_statements_covered_display": "100"}, "missing_lines": [], "excluded_lines": []}, "TestEmailForwarder.test_forward_email_icloud_smtp_detection": {"executed_lines": [115, 116, 118, 124, 126, 128], "summary": {"covered_lines": 6, "num_statements": 6, "percent_covered": 100.0, "percent_covered_display": "100", "missing_lines": 0, "excluded_lines": 0, "percent_statements_covered": 100.0, "percent_statements_covered_display": "100"}, "missing_lines": [], "excluded_lines": []}, "TestEmailForwarder.test_forward_email_smtp_error": {"executed_lines": [137, 138, 139, 141, 147, 149], "summary": {"covered_lines": 6, "num_statements": 6, "percent_covered": 100.0, "percent_covered_display": "100", "missing_lines": 0, "excluded_lines": 0, "percent_statements_covered": 100.0, "percent_statements_covered_display": "100"}, "missing_lines": [], "excluded_lines": []}, "TestEmailForwarder.test_forward_email_missing_subject": {"executed_lines": [158, 159, 161, 163, 165], "summary": {"covered_lines": 5, "num_statements": 5, "percent_covered": 100.0, "percent_covered_display": "100", "missing_lines": 0, "excluded_lines": 0, "percent_statements_covered": 100.0, "percent_statements_covered_display": "100"}, "missing_lines": [], "excluded_lines": []}, "TestEmailForwarder.test_forward_email_content_formatting": {"executed_lines": [175, 176, 178, 184, 186, 188, 189], "summary": {"covered_lines": 7, "num_statements": 7, "percent_covered": 100.0, "percent_covered_display": "100", "missing_lines": 0, "excluded_lines": 0, "percent_statements_covered": 100.0, "percent_statements_covered_display": "100"}, "missing_lines": [], "excluded_lines": []}, "TestEmailForwarder.test_forward_email_custom_smtp_inference": {"executed_lines": [200, 201, 203, 209, 211, 213], "summary": {"covered_lines": 6, "num_statements": 6, "percent_covered": 100.0, "percent_covered_display": "100", "missing_lines": 0, "excluded_lines": 0, "percent_statements_covered": 100.0, "percent_statements_covered_display": "100"}, "missing_lines": [], "excluded_lines": []}, "TestEmailForwarder.test_forward_email_authentication_failure": {"executed_lines": [222, 223, 224, 226, 232, 234], "summary": {"covered_lines": 6, "num_statements": 6, "percent_covered": 100.0, "percent_covered_display": "100", "missing_lines": 0, "excluded_lines": 0, "percent_statements_covered": 100.0, "percent_statements_covered_display": "100"}, "missing_lines": [], "excluded_lines": []}, "TestEmailForwarder.test_forward_email_invalid_email_accounts_json": {"executed_lines": [240, 246, 249], "summary": {"covered_lines": 3, "num_statements": 3, "percent_covered": 100.0, "percent_covered_display": "100", "missing_lines": 0, "excluded_lines": 0, "percent_statements_covered": 100.0, "percent_statements_covered_display": "100"}, "missing_lines": [], "excluded_lines": []}, "TestEmailForwarder.test_forward_email_with_custom_template": {"executed_lines": [258, 259, 262, 263, 266, 269, 270, 272, 278, 280, 282], "summary": {"covered_lines": 11, "num_statements": 11, "percent_covered": 100.0, "percent_covered_display": "100", "missing_lines": 0, "excluded_lines": 0, "percent_statements_covered": 100.0, "percent_statements_covered_display": "100"}, "missing_lines": [], "excluded_lines": []}, "TestEmailForwarder.test_forward_email_template_variable_substitution": {"executed_lines": [293, 294, 297, 298, 299, 302, 303, 305, 311, 313], "summary": {"covered_lines": 10, "num_statements": 10, "percent_covered": 100.0, "percent_covered_display": "100", "missing_lines": 0, "excluded_lines": 0, "percent_statements_covered": 100.0, "percent_statements_covered_display": "100"}, "missing_lines": [], "excluded_lines": []}, "TestEmailForwarder.test_forward_email_leaves_template_in_db": {"executed_lines": [324, 325, 328, 329, 330, 333, 334, 336, 342, 343], "summary": {"covered_lines": 10, "num_statements": 10, "percent_covered": 100.0, "percent_covered_display": "100", "missing_lines": 0, "excluded_lines": 0, "percent_statements_covered": 100.0, "percent_statements_covered_display": "100"}, "missing_lines": [], "excluded_lines": []}, "TestEmailForwarder.test_forward_email_with_fixture_cleanup": {"executed_lines": [357, 358, 360, 366, 367], "summary": {"covered_lines": 5, "num_statements": 5, "percent_covered": 100.0, "percent_covered_display": "100", "missing_lines": 0, "excluded_lines": 0, "percent_statements_covered": 100.0, "percent_statements_covered_display": "100"}, "missing_lines": [], "excluded_lines": []}, "": {"executed_lines": [1, 2, 4, 5, 6, 7, 8, 11, 12, 38, 40, 41, 49, 68, 69, 70, 83, 84, 90, 106, 107, 113, 130, 131, 135, 151, 152, 156, 168, 169, 173, 191, 192, 198, 215, 216, 220, 236, 237, 238, 251, 252, 256, 284, 285, 289, 315, 316, 320, 345, 346, 350], "summary": {"covered_lines": 52, "num_statements": 52, "percent_covered": 100.0, "percent_covered_display": "100", "missing_lines": 0, "excluded_lines": 0, "percent_statements_covered": 100.0, "percent_statements_covered_display": "100"}, "missing_lines": [], "excluded_lines": []}}, "classes": {"TestEmailForwarder": {"executed_lines": [52, 53, 55, 61, 63, 64, 65, 66, 72, 78, 80, 81, 92, 93, 95, 101, 103, 104, 115, 116, 118, 124, 126, 128, 137, 138, 139, 141, 147, 149, 158, 159, 161, 163, 165, 175, 176, 178, 184, 186, 188, 189, 200, 201, 203, 209, 211, 213, 222, 223, 224, 226, 232, 234, 240, 246, 249, 258, 259, 262, 263, 266, 269, 270, 272, 278, 280, 282, 293, 294, 297, 298, 299, 302, 303, 305, 311, 313, 324, 325, 328, 329, 330, 333, 334, 336, 342, 343, 357, 358, 360, 366, 367], "summary": {"covered_lines": 93, "num_statements": 93, "percent_covered": 100.0, "percent_covered_display": "100", "missing_lines": 0, "excluded_lines": 0, "percent_statements_covered": 100.0, "percent_statements_covered_display": "100"}, "missing_lines": [], "excluded_lines": []}, "": {"executed_lines": [1, 2, 4, 5, 6, 7, 8, 11, 12, 15, 18, 19, 22, 23, 24, 26, 29, 30, 33, 34, 35, 38, 40, 41, 49, 68, 69, 70, 83, 84, 90, 106, 107, 113, 130, 131, 135, 151, 152, 156, 168, 169, 173, 191, 192, 198, 215, 216, 220, 236, 237, 238, 251, 252, 256, 284, 285, 289, 315, 316, 320, 345, 346, 350], "summary": {"covered_lines": 64, "num_statements": 64, "percent_covered": 100.0, "percent_covered_display": "100", "missing_lines": 0, "excluded_lines": 0, "percent_statements_covered": 100.0, "percent_statements_covered_display": "100"}, "missing_lines": [], "excluded_lines": []}}}}, "totals": {"covered_lines": 366, "num_statements": 1625, "percent_covered": 22.523076923076925, "percent_covered_display": "23", "missing_lines": 1259, "excluded_lines": 0, "percent_statements_covered": 22.523076923076925, "percent_statements_covered_display": "23"}}